2026-03-23 00:38:04,474 INFO metadata_repository backend=DualMetadataRepository(primary=Postgres,fallback=Json)
2026-03-23 00:38:05,295 INFO browser_started framework=playwright browser=chromium channel= headless=True
2026-03-23 00:38:11,237 INFO step_screenshot_saved test=test_tc1_textbox_form_fill_and_submit step=I_open_the_text-box_demo_page keyword=Given path=artifacts\screenshots\test_tc1_textbox_form_fill_and_submit__step01__I_open_the_text-box_demo_page.png
2026-03-23 00:38:11,561 INFO db_operation backend=DualMetadataRepository operation=find status=ok details={'app_id': 'demo-qa-app', 'page_name': 'text_box', 'element_name': 'full_name', 'result': 'miss'}
2026-03-23 00:38:11,572 INFO db_operation backend=DualMetadataRepository operation=log_event status=ok details={'app_id': 'demo-qa-app', 'page_name': 'text_box', 'element_name': 'full_name', 'stage': 'recover_start'}
2026-03-23 00:38:11,589 INFO db_operation backend=DualMetadataRepository operation=log_event status=ok details={'app_id': 'demo-qa-app', 'page_name': 'text_box', 'element_name': 'full_name', 'stage': 'fallback'}
2026-03-23 00:38:11,888 INFO db_operation backend=DualMetadataRepository operation=log_event status=ok details={'app_id': 'demo-qa-app', 'page_name': 'text_box', 'element_name': 'full_name', 'stage': 'rules'}
2026-03-23 00:38:11,892 INFO db_operation backend=DualMetadataRepository operation=log_event status=ok details={'app_id': 'demo-qa-app', 'page_name': 'text_box', 'element_name': 'full_name', 'stage': 'rules'}
2026-03-23 00:38:11,895 INFO db_operation backend=DualMetadataRepository operation=log_event status=ok details={'app_id': 'demo-qa-app', 'page_name': 'text_box', 'element_name': 'full_name', 'stage': 'rules'}
2026-03-23 00:38:11,899 INFO db_operation backend=DualMetadataRepository operation=log_event status=ok details={'app_id': 'demo-qa-app', 'page_name': 'text_box', 'element_name': 'full_name', 'stage': 'rules'}
2026-03-23 00:38:11,903 INFO db_operation backend=DualMetadataRepository operation=log_event status=ok details={'app_id': 'demo-qa-app', 'page_name': 'text_box', 'element_name': 'full_name', 'stage': 'rules'}
2026-03-23 00:38:11,906 INFO db_operation backend=DualMetadataRepository operation=log_event status=ok details={'app_id': 'demo-qa-app', 'page_name': 'text_box', 'element_name': 'full_name', 'stage': 'rules'}
2026-03-23 00:38:14,345 INFO db_operation backend=DualMetadataRepository operation=upsert status=ok details={'app_id': 'demo-qa-app', 'page_name': 'text_box', 'element_name': 'full_name', 'field_type': 'textbox', 'success_count': 1, 'fail_count': 0}
2026-03-23 00:38:14,351 INFO db_operation backend=DualMetadataRepository operation=log_event status=ok details={'app_id': 'demo-qa-app', 'page_name': 'text_box', 'element_name': 'full_name', 'stage': 'recover_end'}
2026-03-23 00:38:14,353 INFO heal_attempt element=full_name field_type=textbox status=success strategy=axis_hint_field correlation_id=cdec8c2c8f6141818d76ee89f037a563 fallback_xpath=//xh-never-match[@id='full_name-broken'] healed_kind=xpath healed_value=//label[normalize-space()='Full Name' or contains(translate(normalize-space(), 'ABCDEFGHIJKLMNOPQRSTUVWXYZ', 'abcdefghijklmnopqrstuvwxyz'), 'full name')]/following::input[not(ancestor::*[@role='grid' or contains(@class,'grid')])][1] uniqueness=1.0 stability=0.88 similarity=1.0 overall=0.952
2026-03-23 00:38:14,504 INFO healed_paths element=full_name selected_kind=xpath selected_value=//label[normalize-space()='Full Name' or contains(translate(normalize-space(), 'ABCDEFGHIJKLMNOPQRSTUVWXYZ', 'abcdefghijklmnopqrstuvwxyz'), 'full name')]/following::input[not(ancestor::*[@role='grid' or contains(@class,'grid')])][1] xpath=//label[normalize-space()='Full Name' or contains(translate(normalize-space(), 'ABCDEFGHIJKLMNOPQRSTUVWXYZ', 'abcdefghijklmnopqrstuvwxyz'), 'full name')]/following::input[not(ancestor::*[@role='grid' or contains(@class,'grid')])][1] xpath_source=selected_locator css=[placeholder="Full Name"] css_source=metadata.robust_css
2026-03-23 00:38:14,519 INFO db_operation backend=DualMetadataRepository operation=find status=ok details={'app_id': 'demo-qa-app', 'page_name': 'text_box', 'element_name': 'email', 'result': 'miss'}
2026-03-23 00:38:14,523 INFO db_operation backend=DualMetadataRepository operation=log_event status=ok details={'app_id': 'demo-qa-app', 'page_name': 'text_box', 'element_name': 'email', 'stage': 'recover_start'}
2026-03-23 00:38:14,537 INFO db_operation backend=DualMetadataRepository operation=log_event status=ok details={'app_id': 'demo-qa-app', 'page_name': 'text_box', 'element_name': 'email', 'stage': 'fallback'}
2026-03-23 00:38:14,845 INFO db_operation backend=DualMetadataRepository operation=log_event status=ok details={'app_id': 'demo-qa-app', 'page_name': 'text_box', 'element_name': 'email', 'stage': 'rules'}
2026-03-23 00:38:14,851 INFO db_operation backend=DualMetadataRepository operation=log_event status=ok details={'app_id': 'demo-qa-app', 'page_name': 'text_box', 'element_name': 'email', 'stage': 'rules'}
2026-03-23 00:38:14,855 INFO db_operation backend=DualMetadataRepository operation=log_event status=ok details={'app_id': 'demo-qa-app', 'page_name': 'text_box', 'element_name': 'email', 'stage': 'rules'}
2026-03-23 00:38:14,859 INFO db_operation backend=DualMetadataRepository operation=log_event status=ok details={'app_id': 'demo-qa-app', 'page_name': 'text_box', 'element_name': 'email', 'stage': 'rules'}
2026-03-23 00:38:14,864 INFO db_operation backend=DualMetadataRepository operation=log_event status=ok details={'app_id': 'demo-qa-app', 'page_name': 'text_box', 'element_name': 'email', 'stage': 'rules'}
2026-03-23 00:38:14,869 INFO db_operation backend=DualMetadataRepository operation=log_event status=ok details={'app_id': 'demo-qa-app', 'page_name': 'text_box', 'element_name': 'email', 'stage': 'rules'}
2026-03-23 00:38:15,230 INFO db_operation backend=DualMetadataRepository operation=upsert status=ok details={'app_id': 'demo-qa-app', 'page_name': 'text_box', 'element_name': 'email', 'field_type': 'textbox', 'success_count': 1, 'fail_count': 0}
2026-03-23 00:38:15,234 INFO db_operation backend=DualMetadataRepository operation=log_event status=ok details={'app_id': 'demo-qa-app', 'page_name': 'text_box', 'element_name': 'email', 'stage': 'recover_end'}
2026-03-23 00:38:15,235 INFO heal_attempt element=email field_type=textbox status=success strategy=axis_hint_field correlation_id=945e34e979bc4165bb56a2915adaf4d5 fallback_xpath=//xh-never-match[@id='email-broken'] healed_kind=xpath healed_value=//label[normalize-space()='Email' or contains(translate(normalize-space(), 'ABCDEFGHIJKLMNOPQRSTUVWXYZ', 'abcdefghijklmnopqrstuvwxyz'), 'email')]/following::input[not(ancestor::*[@role='grid' or contains(@class,'grid')])][1] uniqueness=1.0 stability=0.88 similarity=1.0 overall=0.952
2026-03-23 00:38:15,282 INFO healed_paths element=email selected_kind=xpath selected_value=//label[normalize-space()='Email' or contains(translate(normalize-space(), 'ABCDEFGHIJKLMNOPQRSTUVWXYZ', 'abcdefghijklmnopqrstuvwxyz'), 'email')]/following::input[not(ancestor::*[@role='grid' or contains(@class,'grid')])][1] xpath=//label[normalize-space()='Email' or contains(translate(normalize-space(), 'ABCDEFGHIJKLMNOPQRSTUVWXYZ', 'abcdefghijklmnopqrstuvwxyz'), 'email')]/following::input[not(ancestor::*[@role='grid' or contains(@class,'grid')])][1] xpath_source=selected_locator css=[placeholder="name@example.com"] css_source=metadata.robust_css
2026-03-23 00:38:15,294 INFO db_operation backend=DualMetadataRepository operation=find status=ok details={'app_id': 'demo-qa-app', 'page_name': 'text_box', 'element_name': 'current_address', 'result': 'miss'}
2026-03-23 00:38:15,300 INFO db_operation backend=DualMetadataRepository operation=log_event status=ok details={'app_id': 'demo-qa-app', 'page_name': 'text_box', 'element_name': 'current_address', 'stage': 'recover_start'}
2026-03-23 00:38:15,312 INFO db_operation backend=DualMetadataRepository operation=log_event status=ok details={'app_id': 'demo-qa-app', 'page_name': 'text_box', 'element_name': 'current_address', 'stage': 'fallback'}
2026-03-23 00:38:15,501 INFO db_operation backend=DualMetadataRepository operation=log_event status=ok details={'app_id': 'demo-qa-app', 'page_name': 'text_box', 'element_name': 'current_address', 'stage': 'rules'}
2026-03-23 00:38:15,505 INFO db_operation backend=DualMetadataRepository operation=log_event status=ok details={'app_id': 'demo-qa-app', 'page_name': 'text_box', 'element_name': 'current_address', 'stage': 'rules'}
2026-03-23 00:38:15,508 INFO db_operation backend=DualMetadataRepository operation=log_event status=ok details={'app_id': 'demo-qa-app', 'page_name': 'text_box', 'element_name': 'current_address', 'stage': 'rules'}
2026-03-23 00:38:15,512 INFO db_operation backend=DualMetadataRepository operation=log_event status=ok details={'app_id': 'demo-qa-app', 'page_name': 'text_box', 'element_name': 'current_address', 'stage': 'rules'}
2026-03-23 00:38:15,517 INFO db_operation backend=DualMetadataRepository operation=log_event status=ok details={'app_id': 'demo-qa-app', 'page_name': 'text_box', 'element_name': 'current_address', 'stage': 'rules'}
2026-03-23 00:38:15,521 INFO db_operation backend=DualMetadataRepository operation=log_event status=ok details={'app_id': 'demo-qa-app', 'page_name': 'text_box', 'element_name': 'current_address', 'stage': 'rules'}
2026-03-23 00:38:15,861 INFO db_operation backend=DualMetadataRepository operation=upsert status=ok details={'app_id': 'demo-qa-app', 'page_name': 'text_box', 'element_name': 'current_address', 'field_type': 'textbox', 'success_count': 1, 'fail_count': 0}
2026-03-23 00:38:15,865 INFO db_operation backend=DualMetadataRepository operation=log_event status=ok details={'app_id': 'demo-qa-app', 'page_name': 'text_box', 'element_name': 'current_address', 'stage': 'recover_end'}
2026-03-23 00:38:15,866 INFO heal_attempt element=current_address field_type=textbox status=success strategy=axis_hint_field correlation_id=b18967cbf5574bf083a7ce6e0715ae76 fallback_xpath=//xh-never-match[@id='current_address-broken'] healed_kind=xpath healed_value=//label[normalize-space()='Current Address' or contains(translate(normalize-space(), 'ABCDEFGHIJKLMNOPQRSTUVWXYZ', 'abcdefghijklmnopqrstuvwxyz'), 'current address')]/following::textarea[not(ancestor::*[@role='grid' or contains(@class,'grid')])][1] uniqueness=1.0 stability=0.85 similarity=1.0 overall=0.94
2026-03-23 00:38:15,902 INFO healed_paths element=current_address selected_kind=xpath selected_value=//label[normalize-space()='Current Address' or contains(translate(normalize-space(), 'ABCDEFGHIJKLMNOPQRSTUVWXYZ', 'abcdefghijklmnopqrstuvwxyz'), 'current address')]/following::textarea[not(ancestor::*[@role='grid' or contains(@class,'grid')])][1] xpath=//label[normalize-space()='Current Address' or contains(translate(normalize-space(), 'ABCDEFGHIJKLMNOPQRSTUVWXYZ', 'abcdefghijklmnopqrstuvwxyz'), 'current address')]/following::textarea[not(ancestor::*[@role='grid' or contains(@class,'grid')])][1] xpath_source=selected_locator css=[placeholder="Current Address"] css_source=metadata.robust_css
2026-03-23 00:38:15,914 INFO db_operation backend=DualMetadataRepository operation=find status=ok details={'app_id': 'demo-qa-app', 'page_name': 'text_box', 'element_name': 'permanent_address', 'result': 'miss'}
2026-03-23 00:38:15,918 INFO db_operation backend=DualMetadataRepository operation=log_event status=ok details={'app_id': 'demo-qa-app', 'page_name': 'text_box', 'element_name': 'permanent_address', 'stage': 'recover_start'}
2026-03-23 00:38:15,931 INFO db_operation backend=DualMetadataRepository operation=log_event status=ok details={'app_id': 'demo-qa-app', 'page_name': 'text_box', 'element_name': 'permanent_address', 'stage': 'fallback'}
2026-03-23 00:38:16,135 INFO db_operation backend=DualMetadataRepository operation=log_event status=ok details={'app_id': 'demo-qa-app', 'page_name': 'text_box', 'element_name': 'permanent_address', 'stage': 'rules'}
2026-03-23 00:38:16,139 INFO db_operation backend=DualMetadataRepository operation=log_event status=ok details={'app_id': 'demo-qa-app', 'page_name': 'text_box', 'element_name': 'permanent_address', 'stage': 'rules'}
2026-03-23 00:38:16,143 INFO db_operation backend=DualMetadataRepository operation=log_event status=ok details={'app_id': 'demo-qa-app', 'page_name': 'text_box', 'element_name': 'permanent_address', 'stage': 'rules'}
2026-03-23 00:38:16,148 INFO db_operation backend=DualMetadataRepository operation=log_event status=ok details={'app_id': 'demo-qa-app', 'page_name': 'text_box', 'element_name': 'permanent_address', 'stage': 'rules'}
2026-03-23 00:38:16,152 INFO db_operation backend=DualMetadataRepository operation=log_event status=ok details={'app_id': 'demo-qa-app', 'page_name': 'text_box', 'element_name': 'permanent_address', 'stage': 'rules'}
2026-03-23 00:38:16,156 INFO db_operation backend=DualMetadataRepository operation=log_event status=ok details={'app_id': 'demo-qa-app', 'page_name': 'text_box', 'element_name': 'permanent_address', 'stage': 'rules'}
2026-03-23 00:38:16,550 INFO db_operation backend=DualMetadataRepository operation=upsert status=ok details={'app_id': 'demo-qa-app', 'page_name': 'text_box', 'element_name': 'permanent_address', 'field_type': 'textbox', 'success_count': 1, 'fail_count': 0}
2026-03-23 00:38:16,555 INFO db_operation backend=DualMetadataRepository operation=log_event status=ok details={'app_id': 'demo-qa-app', 'page_name': 'text_box', 'element_name': 'permanent_address', 'stage': 'recover_end'}
2026-03-23 00:38:16,556 INFO heal_attempt element=permanent_address field_type=textbox status=success strategy=axis_hint_field correlation_id=12268ddfe14e434dacaf65cb4fd5fe11 fallback_xpath=//xh-never-match[@id='permanent_address-broken'] healed_kind=xpath healed_value=//label[normalize-space()='Permanent Address' or contains(translate(normalize-space(), 'ABCDEFGHIJKLMNOPQRSTUVWXYZ', 'abcdefghijklmnopqrstuvwxyz'), 'permanent address')]/following::textarea[not(ancestor::*[@role='grid' or contains(@class,'grid')])][1] uniqueness=1.0 stability=0.82 similarity=1.0 overall=0.928
2026-03-23 00:38:16,598 INFO healed_paths element=permanent_address selected_kind=xpath selected_value=//label[normalize-space()='Permanent Address' or contains(translate(normalize-space(), 'ABCDEFGHIJKLMNOPQRSTUVWXYZ', 'abcdefghijklmnopqrstuvwxyz'), 'permanent address')]/following::textarea[not(ancestor::*[@role='grid' or contains(@class,'grid')])][1] xpath=//label[normalize-space()='Permanent Address' or contains(translate(normalize-space(), 'ABCDEFGHIJKLMNOPQRSTUVWXYZ', 'abcdefghijklmnopqrstuvwxyz'), 'permanent address')]/following::textarea[not(ancestor::*[@role='grid' or contains(@class,'grid')])][1] xpath_source=selected_locator css=textarea css_source=metadata.robust_css
2026-03-23 00:38:16,883 INFO step_screenshot_saved test=test_tc1_textbox_form_fill_and_submit step=I_heal_and_fill_all_text-box_form_fields keyword=When path=artifacts\screenshots\test_tc1_textbox_form_fill_and_submit__step02__I_heal_and_fill_all_text-box_form_fields.png
2026-03-23 00:38:16,902 INFO db_operation backend=DualMetadataRepository operation=find status=ok details={'app_id': 'demo-qa-app', 'page_name': 'text_box', 'element_name': 'submit', 'result': 'miss'}
2026-03-23 00:38:16,907 INFO db_operation backend=DualMetadataRepository operation=log_event status=ok details={'app_id': 'demo-qa-app', 'page_name': 'text_box', 'element_name': 'submit', 'stage': 'recover_start'}
2026-03-23 00:38:16,923 INFO db_operation backend=DualMetadataRepository operation=log_event status=ok details={'app_id': 'demo-qa-app', 'page_name': 'text_box', 'element_name': 'submit', 'stage': 'fallback'}
2026-03-23 00:38:17,356 INFO db_operation backend=DualMetadataRepository operation=log_event status=ok details={'app_id': 'demo-qa-app', 'page_name': 'text_box', 'element_name': 'submit', 'stage': 'rules'}
2026-03-23 00:38:17,360 INFO db_operation backend=DualMetadataRepository operation=log_event status=ok details={'app_id': 'demo-qa-app', 'page_name': 'text_box', 'element_name': 'submit', 'stage': 'rules'}
2026-03-23 00:38:17,363 INFO db_operation backend=DualMetadataRepository operation=log_event status=ok details={'app_id': 'demo-qa-app', 'page_name': 'text_box', 'element_name': 'submit', 'stage': 'rules'}
2026-03-23 00:38:17,367 INFO db_operation backend=DualMetadataRepository operation=log_event status=ok details={'app_id': 'demo-qa-app', 'page_name': 'text_box', 'element_name': 'submit', 'stage': 'rules'}
2026-03-23 00:38:17,371 INFO db_operation backend=DualMetadataRepository operation=log_event status=ok details={'app_id': 'demo-qa-app', 'page_name': 'text_box', 'element_name': 'submit', 'stage': 'rules'}
2026-03-23 00:38:17,373 INFO db_operation backend=DualMetadataRepository operation=log_event status=ok details={'app_id': 'demo-qa-app', 'page_name': 'text_box', 'element_name': 'submit', 'stage': 'rules'}
2026-03-23 00:38:17,377 INFO db_operation backend=DualMetadataRepository operation=log_event status=ok details={'app_id': 'demo-qa-app', 'page_name': 'text_box', 'element_name': 'submit', 'stage': 'rules'}
2026-03-23 00:38:17,382 INFO db_operation backend=DualMetadataRepository operation=log_event status=ok details={'app_id': 'demo-qa-app', 'page_name': 'text_box', 'element_name': 'submit', 'stage': 'rules'}
2026-03-23 00:38:18,304 INFO db_operation backend=DualMetadataRepository operation=upsert status=ok details={'app_id': 'demo-qa-app', 'page_name': 'text_box', 'element_name': 'submit', 'field_type': 'button', 'success_count': 1, 'fail_count': 0}
2026-03-23 00:38:18,307 INFO db_operation backend=DualMetadataRepository operation=log_event status=ok details={'app_id': 'demo-qa-app', 'page_name': 'text_box', 'element_name': 'submit', 'stage': 'recover_end'}
2026-03-23 00:38:18,308 INFO heal_attempt element=submit field_type=button status=success strategy=button_text_candidate correlation_id=e2b4f68363c5405e857a1a59f34ddd57 fallback_xpath=//xh-never-match[@id='submit-broken'] healed_kind=role healed_value=button uniqueness=1.0 stability=0.93 similarity=1.0 overall=0.972
2026-03-23 00:38:18,352 INFO healed_paths element=submit selected_kind=role selected_value=button xpath=//button[contains(normalize-space(), 'submit')] xpath_source=metadata.robust_xpath css=#submit css_source=metadata.robust_css
2026-03-23 00:38:18,622 INFO step_screenshot_saved test=test_tc1_textbox_form_fill_and_submit step=I_heal_and_click_the_text-box_submit_button keyword=And path=artifacts\screenshots\test_tc1_textbox_form_fill_and_submit__step03__I_heal_and_click_the_text-box_submit_button.png
2026-03-23 00:38:18,771 INFO step_screenshot_saved test=test_tc1_textbox_form_fill_and_submit step=I_should_see_submitted_text-box_output_values keyword=Then path=artifacts\screenshots\test_tc1_textbox_form_fill_and_submit__step04__I_should_see_submitted_text-box_output_values.png
2026-03-23 00:38:18,886 INFO step_screenshot_saved test=test_tc1_textbox_form_fill_and_submit step=trace_logs_should_contain_expected_healing_stages keyword=And path=artifacts\screenshots\test_tc1_textbox_form_fill_and_submit__step05__trace_logs_should_contain_expected_healing_stages.png
2026-03-23 00:38:19,030 INFO screenshot_saved test=test_tc1_textbox_form_fill_and_submit path=artifacts\screenshots\test_tc1_textbox_form_fill_and_submit__final.png
2026-03-23 00:38:19,117 INFO video_saved test=test_tc1_textbox_form_fill_and_submit path=artifacts\videos\test_tc1_textbox_form_fill_and_submit.webm
2026-03-23 00:38:20,002 INFO browser_started framework=playwright browser=chromium channel= headless=True
2026-03-23 00:38:23,985 INFO step_screenshot_saved test=test_tc2_checkbox_home_icon_select_and_message_verify step=I_open_the_checkbox_demo_page keyword=Given path=artifacts\screenshots\test_tc2_checkbox_home_icon_select_and_message_verify__step01__I_open_the_checkbox_demo_page.png
2026-03-23 00:38:23,988 INFO db_operation backend=DualMetadataRepository operation=find status=ok details={'app_id': 'demo-qa-app', 'page_name': 'checkbox', 'element_name': 'home_checkbox_icon', 'result': 'miss'}
2026-03-23 00:38:23,992 INFO db_operation backend=DualMetadataRepository operation=log_event status=ok details={'app_id': 'demo-qa-app', 'page_name': 'checkbox', 'element_name': 'home_checkbox_icon', 'stage': 'recover_start'}
2026-03-23 00:38:24,008 INFO db_operation backend=DualMetadataRepository operation=log_event status=ok details={'app_id': 'demo-qa-app', 'page_name': 'checkbox', 'element_name': 'home_checkbox_icon', 'stage': 'fallback'}
2026-03-23 00:38:24,187 INFO db_operation backend=DualMetadataRepository operation=log_event status=ok details={'app_id': 'demo-qa-app', 'page_name': 'checkbox', 'element_name': 'home_checkbox_icon', 'stage': 'rules'}
2026-03-23 00:38:24,191 INFO db_operation backend=DualMetadataRepository operation=log_event status=ok details={'app_id': 'demo-qa-app', 'page_name': 'checkbox', 'element_name': 'home_checkbox_icon', 'stage': 'rules'}
2026-03-23 00:38:24,195 INFO db_operation backend=DualMetadataRepository operation=log_event status=ok details={'app_id': 'demo-qa-app', 'page_name': 'checkbox', 'element_name': 'home_checkbox_icon', 'stage': 'rules'}
2026-03-23 00:38:24,199 INFO db_operation backend=DualMetadataRepository operation=log_event status=ok details={'app_id': 'demo-qa-app', 'page_name': 'checkbox', 'element_name': 'home_checkbox_icon', 'stage': 'rules'}
2026-03-23 00:38:24,202 INFO db_operation backend=DualMetadataRepository operation=log_event status=ok details={'app_id': 'demo-qa-app', 'page_name': 'checkbox', 'element_name': 'home_checkbox_icon', 'stage': 'rules'}
2026-03-23 00:38:24,205 INFO db_operation backend=DualMetadataRepository operation=log_event status=ok details={'app_id': 'demo-qa-app', 'page_name': 'checkbox', 'element_name': 'home_checkbox_icon', 'stage': 'rules'}
2026-03-23 00:38:24,647 INFO db_operation backend=DualMetadataRepository operation=upsert status=ok details={'app_id': 'demo-qa-app', 'page_name': 'checkbox', 'element_name': 'home_checkbox_icon', 'field_type': 'checkbox', 'success_count': 1, 'fail_count': 0}
2026-03-23 00:38:24,651 INFO db_operation backend=DualMetadataRepository operation=log_event status=ok details={'app_id': 'demo-qa-app', 'page_name': 'checkbox', 'element_name': 'home_checkbox_icon', 'stage': 'recover_end'}
2026-03-23 00:38:24,652 INFO heal_attempt element=home_checkbox_icon field_type=checkbox status=success strategy=checkbox_icon_by_label correlation_id=cf165104f62941b592214bba53acdc60 fallback_xpath=//xh-never-match[@id='home_checkbox_icon-broken'] healed_kind=xpath healed_value=//*[self::span or self::label][normalize-space()='Home' or contains(translate(normalize-space(),'ABCDEFGHIJKLMNOPQRSTUVWXYZ','abcdefghijklmnopqrstuvwxyz'),'home')]/preceding::*[contains(@class,'checkbox')][1] uniqueness=1.0 stability=0.64 similarity=1.0 overall=0.856
2026-03-23 00:38:24,692 INFO healed_paths element=home_checkbox_icon selected_kind=xpath selected_value=//*[self::span or self::label][normalize-space()='Home' or contains(translate(normalize-space(),'ABCDEFGHIJKLMNOPQRSTUVWXYZ','abcdefghijklmnopqrstuvwxyz'),'home')]/preceding::*[contains(@class,'checkbox')][1] xpath=//*[self::span or self::label][normalize-space()='Home' or contains(translate(normalize-space(),'ABCDEFGHIJKLMNOPQRSTUVWXYZ','abcdefghijklmnopqrstuvwxyz'),'home')]/preceding::*[contains(@class,'checkbox')][1] xpath_source=selected_locator css=div.col-12.mt-4:nth-of-type(2) > div.check-box-tree-wrapper:nth-of-type(2) > div.react-checkbox-tree.rct-icons-fa4:nth-of-type(1) > ol:nth-of-type(1) > li.rct-node.rct-node-parent:nth-of-type(1) > span.rct-text:nth-of-type(1) > label:nth-of-type(1) > span.rct-checkbox:nth-of-type(1) css_source=metadata.robust_css
2026-03-23 00:38:24,867 INFO step_screenshot_saved test=test_tc2_checkbox_home_icon_select_and_message_verify step=I_heal_and_click_the_Home_checkbox_icon keyword=When path=artifacts\screenshots\test_tc2_checkbox_home_icon_select_and_message_verify__step02__I_heal_and_click_the_Home_checkbox_icon.png
2026-03-23 00:38:25,000 INFO step_screenshot_saved test=test_tc2_checkbox_home_icon_select_and_message_verify step=I_should_see_checkbox_selection_message_for_Home keyword=Then path=artifacts\screenshots\test_tc2_checkbox_home_icon_select_and_message_verify__step03__I_should_see_checkbox_selection_message_for_Home.png
2026-03-23 00:38:25,121 INFO step_screenshot_saved test=test_tc2_checkbox_home_icon_select_and_message_verify step=trace_logs_should_contain_expected_healing_stages keyword=And path=artifacts\screenshots\test_tc2_checkbox_home_icon_select_and_message_verify__step04__trace_logs_should_contain_expected_healing_stages.png
2026-03-23 00:38:25,238 INFO screenshot_saved test=test_tc2_checkbox_home_icon_select_and_message_verify path=artifacts\screenshots\test_tc2_checkbox_home_icon_select_and_message_verify__final.png
2026-03-23 00:38:25,328 INFO video_saved test=test_tc2_checkbox_home_icon_select_and_message_verify path=artifacts\videos\test_tc2_checkbox_home_icon_select_and_message_verify.webm
2026-03-23 00:38:26,254 INFO browser_started framework=playwright browser=chromium channel= headless=True
2026-03-23 00:38:30,171 INFO step_screenshot_saved test=test_tc3_webtables_first_row_verification step=I_open_the_webtables_demo_page keyword=Given path=artifacts\screenshots\test_tc3_webtables_first_row_verification__step01__I_open_the_webtables_demo_page.png
2026-03-23 00:38:30,174 INFO db_operation backend=DualMetadataRepository operation=find status=ok details={'app_id': 'demo-qa-app', 'page_name': 'webtables', 'element_name': 'row1_first_name', 'result': 'miss'}
2026-03-23 00:38:30,180 INFO db_operation backend=DualMetadataRepository operation=log_event status=ok details={'app_id': 'demo-qa-app', 'page_name': 'webtables', 'element_name': 'row1_first_name', 'stage': 'recover_start'}
2026-03-23 00:38:30,198 INFO db_operation backend=DualMetadataRepository operation=log_event status=ok details={'app_id': 'demo-qa-app', 'page_name': 'webtables', 'element_name': 'row1_first_name', 'stage': 'fallback'}
2026-03-23 00:38:30,267 INFO db_operation backend=DualMetadataRepository operation=log_event status=ok details={'app_id': 'demo-qa-app', 'page_name': 'webtables', 'element_name': 'row1_first_name', 'stage': 'rules'}
2026-03-23 00:38:30,285 INFO db_operation backend=DualMetadataRepository operation=get_page_index status=ok details={'app_id': 'demo-qa-app', 'page_name': 'webtables', 'result': 'miss'}
2026-03-23 00:38:30,478 INFO db_operation backend=DualMetadataRepository operation=upsert_page_index status=ok details={'app_id': 'demo-qa-app', 'page_name': 'webtables', 'element_count': 212, 'dom_hash': '30eb0a3da877'}
2026-03-23 00:38:30,642 INFO db_operation backend=DualMetadataRepository operation=log_event status=ok details={'app_id': 'demo-qa-app', 'page_name': 'webtables', 'element_name': 'row1_first_name', 'stage': 'page_index_lookup'}
2026-03-23 00:38:30,802 INFO db_operation backend=DualMetadataRepository operation=log_event status=ok details={'app_id': 'demo-qa-app', 'page_name': 'webtables', 'element_name': 'row1_first_name', 'stage': 'page_index'}
2026-03-23 00:38:30,805 INFO db_operation backend=DualMetadataRepository operation=log_event status=ok details={'app_id': 'demo-qa-app', 'page_name': 'webtables', 'element_name': 'row1_first_name', 'stage': 'page_index'}
2026-03-23 00:38:30,809 INFO db_operation backend=DualMetadataRepository operation=log_event status=ok details={'app_id': 'demo-qa-app', 'page_name': 'webtables', 'element_name': 'row1_first_name', 'stage': 'page_index'}
2026-03-23 00:38:30,812 INFO db_operation backend=DualMetadataRepository operation=log_event status=ok details={'app_id': 'demo-qa-app', 'page_name': 'webtables', 'element_name': 'row1_first_name', 'stage': 'page_index'}
2026-03-23 00:38:30,817 INFO db_operation backend=DualMetadataRepository operation=log_event status=ok details={'app_id': 'demo-qa-app', 'page_name': 'webtables', 'element_name': 'row1_first_name', 'stage': 'page_index'}
2026-03-23 00:38:31,284 INFO db_operation backend=DualMetadataRepository operation=upsert status=ok details={'app_id': 'demo-qa-app', 'page_name': 'webtables', 'element_name': 'row1_first_name', 'field_type': 'text', 'success_count': 1, 'fail_count': 0}
2026-03-23 00:38:31,288 INFO db_operation backend=DualMetadataRepository operation=log_event status=ok details={'app_id': 'demo-qa-app', 'page_name': 'webtables', 'element_name': 'row1_first_name', 'stage': 'recover_end'}
2026-03-23 00:38:31,289 INFO heal_attempt element=row1_first_name field_type=text status=success strategy=page_index.rank:0ddfe0f0-7ee5-4ed6-806b-9e82a5ecdf60 correlation_id=b1ea927bf41b4879a41ae91484e579a0 fallback_xpath=//xh-never-match[@id='row1_first_name-broken'] healed_kind=css healed_value=div.rt-td uniqueness=0.0143 stability=0.81 similarity=1.0 overall=0.5297
2026-03-23 00:38:31,326 INFO healed_paths element=row1_first_name selected_kind=css selected_value=div.rt-td xpath=//*[@role='gridcell' and contains(translate(normalize-space(), 'ABCDEFGHIJKLMNOPQRSTUVWXYZ', 'abcdefghijklmnopqrstuvwxyz'), 'cierra')] xpath_source=metadata.robust_xpath css=div.rt-td css_source=selected_locator
2026-03-23 00:38:31,450 INFO step_screenshot_saved test=test_tc3_webtables_first_row_verification step=I_heal_and_verify_the_first_row_first_name_is_Cierra keyword=When path=artifacts\screenshots\test_tc3_webtables_first_row_verification__step02__I_heal_and_verify_the_first_row_first_name_is_Cierra.png
2026-03-23 00:38:31,487 INFO db_operation backend=DualMetadataRepository operation=find status=ok details={'app_id': 'demo-qa-app', 'page_name': 'webtables', 'element_name': 'row1_last_name_veha', 'result': 'miss'}
2026-03-23 00:38:31,491 INFO db_operation backend=DualMetadataRepository operation=log_event status=ok details={'app_id': 'demo-qa-app', 'page_name': 'webtables', 'element_name': 'row1_last_name_veha', 'stage': 'recover_start'}
2026-03-23 00:38:31,503 INFO db_operation backend=DualMetadataRepository operation=log_event status=ok details={'app_id': 'demo-qa-app', 'page_name': 'webtables', 'element_name': 'row1_last_name_veha', 'stage': 'fallback'}
2026-03-23 00:38:31,516 INFO db_operation backend=DualMetadataRepository operation=log_event status=ok details={'app_id': 'demo-qa-app', 'page_name': 'webtables', 'element_name': 'row1_last_name_veha', 'stage': 'rules'}
2026-03-23 00:38:31,524 INFO db_operation backend=DualMetadataRepository operation=get_page_index status=ok details={'app_id': 'demo-qa-app', 'page_name': 'webtables', 'result': 'hit'}
2026-03-23 00:38:31,685 INFO db_operation backend=DualMetadataRepository operation=log_event status=ok details={'app_id': 'demo-qa-app', 'page_name': 'webtables', 'element_name': 'row1_last_name_veha', 'stage': 'page_index_lookup'}
2026-03-23 00:38:31,833 INFO db_operation backend=DualMetadataRepository operation=log_event status=ok details={'app_id': 'demo-qa-app', 'page_name': 'webtables', 'element_name': 'row1_last_name_veha', 'stage': 'page_index'}
2026-03-23 00:38:31,837 INFO db_operation backend=DualMetadataRepository operation=log_event status=ok details={'app_id': 'demo-qa-app', 'page_name': 'webtables', 'element_name': 'row1_last_name_veha', 'stage': 'page_index'}
2026-03-23 00:38:31,840 INFO db_operation backend=DualMetadataRepository operation=log_event status=ok details={'app_id': 'demo-qa-app', 'page_name': 'webtables', 'element_name': 'row1_last_name_veha', 'stage': 'page_index'}
2026-03-23 00:38:31,844 INFO db_operation backend=DualMetadataRepository operation=log_event status=ok details={'app_id': 'demo-qa-app', 'page_name': 'webtables', 'element_name': 'row1_last_name_veha', 'stage': 'page_index'}
2026-03-23 00:38:31,848 INFO db_operation backend=DualMetadataRepository operation=log_event status=ok details={'app_id': 'demo-qa-app', 'page_name': 'webtables', 'element_name': 'row1_last_name_veha', 'stage': 'page_index'}
2026-03-23 00:38:31,874 INFO db_operation backend=DualMetadataRepository operation=log_event status=ok details={'app_id': 'demo-qa-app', 'page_name': 'webtables', 'element_name': 'row1_last_name_veha', 'stage': 'defaults'}
2026-03-23 00:38:31,878 INFO db_operation backend=DualMetadataRepository operation=log_event status=ok details={'app_id': 'demo-qa-app', 'page_name': 'webtables', 'element_name': 'row1_last_name_veha', 'stage': 'defaults'}
2026-03-23 00:38:31,882 INFO db_operation backend=DualMetadataRepository operation=log_event status=ok details={'app_id': 'demo-qa-app', 'page_name': 'webtables', 'element_name': 'row1_last_name_veha', 'stage': 'defaults'}
2026-03-23 00:38:31,959 INFO db_operation backend=DualMetadataRepository operation=log_event status=ok details={'app_id': 'demo-qa-app', 'page_name': 'webtables', 'element_name': 'row1_last_name_veha', 'stage': 'position'}
2026-03-23 00:38:35,206 INFO db_operation backend=DualMetadataRepository operation=log_event status=ok details={'app_id': 'demo-qa-app', 'page_name': 'webtables', 'element_name': 'row1_last_name_veha', 'stage': 'rag_context'}
2026-03-23 00:38:35,270 INFO db_operation backend=DualMetadataRepository operation=log_event status=ok details={'app_id': 'demo-qa-app', 'page_name': 'webtables', 'element_name': 'row1_last_name_veha', 'stage': 'rag'}
2026-03-23 00:38:35,322 INFO db_operation backend=DualMetadataRepository operation=log_event status=ok details={'app_id': 'demo-qa-app', 'page_name': 'webtables', 'element_name': 'row1_last_name_veha', 'stage': 'rag'}
2026-03-23 00:38:35,325 INFO db_operation backend=DualMetadataRepository operation=log_event status=ok details={'app_id': 'demo-qa-app', 'page_name': 'webtables', 'element_name': 'row1_last_name_veha', 'stage': 'rag_retry'}
2026-03-23 00:38:38,271 INFO db_operation backend=DualMetadataRepository operation=log_event status=ok details={'app_id': 'demo-qa-app', 'page_name': 'webtables', 'element_name': 'row1_last_name_veha', 'stage': 'rag_context'}
2026-03-23 00:38:38,326 INFO db_operation backend=DualMetadataRepository operation=log_event status=ok details={'app_id': 'demo-qa-app', 'page_name': 'webtables', 'element_name': 'row1_last_name_veha', 'stage': 'rag'}
2026-03-23 00:38:38,376 INFO db_operation backend=DualMetadataRepository operation=log_event status=ok details={'app_id': 'demo-qa-app', 'page_name': 'webtables', 'element_name': 'row1_last_name_veha', 'stage': 'rag'}
2026-03-23 00:38:38,380 INFO db_operation backend=DualMetadataRepository operation=log_event status=ok details={'app_id': 'demo-qa-app', 'page_name': 'webtables', 'element_name': 'row1_last_name_veha', 'stage': 'rag_hallucination'}
2026-03-23 00:38:38,385 INFO db_operation backend=DualMetadataRepository operation=log_event status=ok details={'app_id': 'demo-qa-app', 'page_name': 'webtables', 'element_name': 'row1_last_name_veha', 'stage': 'recover_end'}
2026-03-23 00:38:38,385 INFO heal_attempt element=row1_last_name_veha field_type=text status=failed strategy=None correlation_id=b2b2048e17614f82bbc8e3ea92afe4d6 fallback_xpath=//xh-never-match[@id='row1_last_name_veha-broken'] healed_kind=None healed_value=None uniqueness=None stability=None similarity=None overall=None
2026-03-23 00:38:38,390 INFO db_operation backend=DualMetadataRepository operation=find status=ok details={'app_id': 'demo-qa-app', 'page_name': 'webtables', 'element_name': 'row1_last_name_vega', 'result': 'miss'}
2026-03-23 00:38:38,393 INFO db_operation backend=DualMetadataRepository operation=log_event status=ok details={'app_id': 'demo-qa-app', 'page_name': 'webtables', 'element_name': 'row1_last_name_vega', 'stage': 'recover_start'}
2026-03-23 00:38:38,406 INFO db_operation backend=DualMetadataRepository operation=log_event status=ok details={'app_id': 'demo-qa-app', 'page_name': 'webtables', 'element_name': 'row1_last_name_vega', 'stage': 'fallback'}
2026-03-23 00:38:38,460 INFO db_operation backend=DualMetadataRepository operation=log_event status=ok details={'app_id': 'demo-qa-app', 'page_name': 'webtables', 'element_name': 'row1_last_name_vega', 'stage': 'rules'}
2026-03-23 00:38:38,466 INFO db_operation backend=DualMetadataRepository operation=get_page_index status=ok details={'app_id': 'demo-qa-app', 'page_name': 'webtables', 'result': 'hit'}
2026-03-23 00:38:38,627 INFO db_operation backend=DualMetadataRepository operation=log_event status=ok details={'app_id': 'demo-qa-app', 'page_name': 'webtables', 'element_name': 'row1_last_name_vega', 'stage': 'page_index_lookup'}
2026-03-23 00:38:38,776 INFO db_operation backend=DualMetadataRepository operation=log_event status=ok details={'app_id': 'demo-qa-app', 'page_name': 'webtables', 'element_name': 'row1_last_name_vega', 'stage': 'page_index'}
2026-03-23 00:38:38,780 INFO db_operation backend=DualMetadataRepository operation=log_event status=ok details={'app_id': 'demo-qa-app', 'page_name': 'webtables', 'element_name': 'row1_last_name_vega', 'stage': 'page_index'}
2026-03-23 00:38:38,784 INFO db_operation backend=DualMetadataRepository operation=log_event status=ok details={'app_id': 'demo-qa-app', 'page_name': 'webtables', 'element_name': 'row1_last_name_vega', 'stage': 'page_index'}
2026-03-23 00:38:38,788 INFO db_operation backend=DualMetadataRepository operation=log_event status=ok details={'app_id': 'demo-qa-app', 'page_name': 'webtables', 'element_name': 'row1_last_name_vega', 'stage': 'page_index'}
2026-03-23 00:38:38,791 INFO db_operation backend=DualMetadataRepository operation=log_event status=ok details={'app_id': 'demo-qa-app', 'page_name': 'webtables', 'element_name': 'row1_last_name_vega', 'stage': 'page_index'}
2026-03-23 00:38:38,886 INFO db_operation backend=DualMetadataRepository operation=log_event status=ok details={'app_id': 'demo-qa-app', 'page_name': 'webtables', 'element_name': 'row1_last_name_vega', 'stage': 'defaults'}
2026-03-23 00:38:38,889 INFO db_operation backend=DualMetadataRepository operation=log_event status=ok details={'app_id': 'demo-qa-app', 'page_name': 'webtables', 'element_name': 'row1_last_name_vega', 'stage': 'defaults'}
2026-03-23 00:38:38,893 INFO db_operation backend=DualMetadataRepository operation=log_event status=ok details={'app_id': 'demo-qa-app', 'page_name': 'webtables', 'element_name': 'row1_last_name_vega', 'stage': 'defaults'}
2026-03-23 00:38:39,325 INFO db_operation backend=DualMetadataRepository operation=upsert status=ok details={'app_id': 'demo-qa-app', 'page_name': 'webtables', 'element_name': 'row1_last_name_vega', 'field_type': 'text', 'success_count': 1, 'fail_count': 0}
2026-03-23 00:38:39,329 INFO db_operation backend=DualMetadataRepository operation=log_event status=ok details={'app_id': 'demo-qa-app', 'page_name': 'webtables', 'element_name': 'row1_last_name_vega', 'stage': 'recover_end'}
2026-03-23 00:38:39,330 INFO heal_attempt element=row1_last_name_vega field_type=text status=success strategy=text_occurrence correlation_id=90d4c4c39e314db59d5d2753ccb35740 fallback_xpath=//xh-never-match[@id='row1_last_name_vega-broken'] healed_kind=text healed_value=Vega uniqueness=1.0 stability=0.75 similarity=1.0 overall=0.9
2026-03-23 00:38:39,369 INFO healed_paths element=row1_last_name_vega selected_kind=text selected_value=Vega xpath=//*[@role='gridcell' and contains(translate(normalize-space(), 'ABCDEFGHIJKLMNOPQRSTUVWXYZ', 'abcdefghijklmnopqrstuvwxyz'), 'vega')] xpath_source=metadata.robust_xpath css=div.col-12.mt-4:nth-of-type(2) > div.web-tables-wrapper:nth-of-type(2) > div.ReactTable.-striped:nth-of-type(3) > div.rt-table:nth-of-type(1) > div.rt-tbody:nth-of-type(2) > div.rt-tr-group:nth-of-type(1) > div.rt-tr.-odd:nth-of-type(1) > div.rt-td:nth-of-type(2) css_source=metadata.robust_css
2026-03-23 00:38:39,503 INFO step_screenshot_saved test=test_tc3_webtables_first_row_verification step=I_heal_and_verify_the_first_row_last_name_is_one_of keyword=Then path=artifacts\screenshots\test_tc3_webtables_first_row_verification__step03__I_heal_and_verify_the_first_row_last_name_is_one_of.png
2026-03-23 00:38:39,643 INFO step_screenshot_saved test=test_tc3_webtables_first_row_verification step=trace_logs_should_contain_expected_healing_stages keyword=And path=artifacts\screenshots\test_tc3_webtables_first_row_verification__step04__trace_logs_should_contain_expected_healing_stages.png
2026-03-23 00:38:39,779 INFO screenshot_saved test=test_tc3_webtables_first_row_verification path=artifacts\screenshots\test_tc3_webtables_first_row_verification__final.png
2026-03-23 00:38:39,877 INFO video_saved test=test_tc3_webtables_first_row_verification path=artifacts\videos\test_tc3_webtables_first_row_verification.webm
2026-03-23 00:38:40,759 INFO browser_started framework=playwright browser=chromium channel= headless=True
2026-03-23 00:38:44,706 INFO step_screenshot_saved test=test_tc4_raw_fallback_xpath_fails_without_healer step=I_open_the_text-box_demo_page keyword=Given path=artifacts\screenshots\test_tc4_raw_fallback_xpath_fails_without_healer__step01__I_open_the_text-box_demo_page.png
2026-03-23 00:38:44,723 ERROR raw_xpath_lookup_failed xpath=//xh-never-match[@id='raw_xpath_negative-broken'] matched_count=0
2026-03-23 00:38:44,830 INFO step_screenshot_saved test=test_tc4_raw_fallback_xpath_fails_without_healer step=I_query_raw_invalid_fallback_xpath_without_healer keyword=When path=artifacts\screenshots\test_tc4_raw_fallback_xpath_fails_without_healer__step02__I_query_raw_invalid_fallback_xpath_without_healer.png
2026-03-23 00:38:45,007 INFO screenshot_saved test=test_tc4_raw_fallback_xpath_fails_without_healer path=artifacts\screenshots\test_tc4_raw_fallback_xpath_fails_without_healer__final.png
2026-03-23 00:38:45,140 INFO failure_screenshot_saved test=test_tc4_raw_fallback_xpath_fails_without_healer path=artifacts\screenshots\test_tc4_raw_fallback_xpath_fails_without_healer__failed.png
2026-03-23 00:38:45,221 INFO video_saved test=test_tc4_raw_fallback_xpath_fails_without_healer path=artifacts\videos\test_tc4_raw_fallback_xpath_fails_without_healer.webm
