2026-03-11 06:48:43,346 INFO metadata_repository backend=DualMetadataRepository(primary=Postgres,fallback=Json)
2026-03-11 06:48:45,849 INFO browser_started engine=chromium channel= headless=False
2026-03-11 06:48:54,739 INFO step_screenshot_saved test=test_tc1_textbox_form_fill_and_submit step=I_open_the_text-box_demo_page keyword=Given path=artifacts\screenshots\test_tc1_textbox_form_fill_and_submit__step01__I_open_the_text-box_demo_page.png
2026-03-11 06:48:54,955 INFO db_operation backend=DualMetadataRepository operation=find status=ok details={'app_id': 'demo-qa-app', 'page_name': 'text_box', 'element_name': 'full_name', 'result': 'hit'}
2026-03-11 06:48:55,002 INFO db_operation backend=DualMetadataRepository operation=log_event status=ok details={'app_id': 'demo-qa-app', 'page_name': 'text_box', 'element_name': 'full_name', 'stage': 'recover_start'}
2026-03-11 06:49:00,464 INFO db_operation backend=DualMetadataRepository operation=log_event status=ok details={'app_id': 'demo-qa-app', 'page_name': 'text_box', 'element_name': 'full_name', 'stage': 'rag_context'}
2026-03-11 06:49:00,910 INFO db_operation backend=DualMetadataRepository operation=log_event status=ok details={'app_id': 'demo-qa-app', 'page_name': 'text_box', 'element_name': 'full_name', 'stage': 'rag'}
2026-03-11 06:49:02,353 INFO db_operation backend=DualMetadataRepository operation=upsert status=ok details={'app_id': 'demo-qa-app', 'page_name': 'text_box', 'element_name': 'full_name', 'field_type': 'textbox', 'success_count': 17, 'fail_count': 2}
2026-03-11 06:49:02,362 INFO db_operation backend=DualMetadataRepository operation=log_event status=ok details={'app_id': 'demo-qa-app', 'page_name': 'text_box', 'element_name': 'full_name', 'stage': 'recover_end'}
2026-03-11 06:49:02,364 INFO heal_attempt element=full_name field_type=textbox status=success strategy=rag_suggest correlation_id=978c6546fb034c4a809aa8ee1f550ed8 fallback_xpath=//xh-never-match[@id='full_name-broken'] healed_kind=role healed_value=textbox[name='Full Name'] uniqueness=1.0 stability=1.0 similarity=0.9 overall=0.98
2026-03-11 06:49:02,441 INFO healed_paths element=full_name selected_kind=role selected_value=textbox[name='Full Name'] xpath=//*[@placeholder='Full Name'] xpath_source=metadata.robust_xpath css=[placeholder="Full Name"] css_source=metadata.robust_css
2026-03-11 06:49:02,445 INFO db_operation backend=DualMetadataRepository operation=find status=ok details={'app_id': 'demo-qa-app', 'page_name': 'text_box', 'element_name': 'email', 'result': 'hit'}
2026-03-11 06:49:02,453 INFO db_operation backend=DualMetadataRepository operation=log_event status=ok details={'app_id': 'demo-qa-app', 'page_name': 'text_box', 'element_name': 'email', 'stage': 'recover_start'}
2026-03-11 06:49:06,516 INFO db_operation backend=DualMetadataRepository operation=log_event status=ok details={'app_id': 'demo-qa-app', 'page_name': 'text_box', 'element_name': 'email', 'stage': 'rag_context'}
2026-03-11 06:49:06,703 INFO db_operation backend=DualMetadataRepository operation=log_event status=ok details={'app_id': 'demo-qa-app', 'page_name': 'text_box', 'element_name': 'email', 'stage': 'rag'}
2026-03-11 06:49:07,796 INFO db_operation backend=DualMetadataRepository operation=upsert status=ok details={'app_id': 'demo-qa-app', 'page_name': 'text_box', 'element_name': 'email', 'field_type': 'textbox', 'success_count': 16, 'fail_count': 1}
2026-03-11 06:49:07,804 INFO db_operation backend=DualMetadataRepository operation=log_event status=ok details={'app_id': 'demo-qa-app', 'page_name': 'text_box', 'element_name': 'email', 'stage': 'recover_end'}
2026-03-11 06:49:07,806 INFO heal_attempt element=email field_type=textbox status=success strategy=rag_suggest correlation_id=bc0f1d0eee1e47519dc4978125a273e1 fallback_xpath=//xh-never-match[@id='email-broken'] healed_kind=xpath healed_value=//label[normalize-space()='Email' or contains(translate(normalize-space(), 'ABCDEFGHIJKLMNOPQRSTUVWXYZ', 'abcdefghijklmnopqrstuvwxyz'), 'email')]/following::input[not(ancestor::*[@role='grid' or contains(@class,'grid')])][1] uniqueness=1.0 stability=0.88 similarity=0.9 overall=0.932
2026-03-11 06:49:07,878 INFO healed_paths element=email selected_kind=xpath selected_value=//label[normalize-space()='Email' or contains(translate(normalize-space(), 'ABCDEFGHIJKLMNOPQRSTUVWXYZ', 'abcdefghijklmnopqrstuvwxyz'), 'email')]/following::input[not(ancestor::*[@role='grid' or contains(@class,'grid')])][1] xpath=//label[normalize-space()='Email' or contains(translate(normalize-space(), 'ABCDEFGHIJKLMNOPQRSTUVWXYZ', 'abcdefghijklmnopqrstuvwxyz'), 'email')]/following::input[not(ancestor::*[@role='grid' or contains(@class,'grid')])][1] xpath_source=selected_locator css=[placeholder="name@example.com"] css_source=metadata.robust_css
2026-03-11 06:49:07,882 INFO db_operation backend=DualMetadataRepository operation=find status=ok details={'app_id': 'demo-qa-app', 'page_name': 'text_box', 'element_name': 'current_address', 'result': 'hit'}
2026-03-11 06:49:07,890 INFO db_operation backend=DualMetadataRepository operation=log_event status=ok details={'app_id': 'demo-qa-app', 'page_name': 'text_box', 'element_name': 'current_address', 'stage': 'recover_start'}
2026-03-11 06:49:11,117 INFO db_operation backend=DualMetadataRepository operation=log_event status=ok details={'app_id': 'demo-qa-app', 'page_name': 'text_box', 'element_name': 'current_address', 'stage': 'rag_context'}
2026-03-11 06:49:11,286 INFO db_operation backend=DualMetadataRepository operation=log_event status=ok details={'app_id': 'demo-qa-app', 'page_name': 'text_box', 'element_name': 'current_address', 'stage': 'rag'}
2026-03-11 06:49:11,796 INFO db_operation backend=DualMetadataRepository operation=upsert status=ok details={'app_id': 'demo-qa-app', 'page_name': 'text_box', 'element_name': 'current_address', 'field_type': 'textbox', 'success_count': 16, 'fail_count': 0}
2026-03-11 06:49:11,805 INFO db_operation backend=DualMetadataRepository operation=log_event status=ok details={'app_id': 'demo-qa-app', 'page_name': 'text_box', 'element_name': 'current_address', 'stage': 'recover_end'}
2026-03-11 06:49:11,807 INFO heal_attempt element=current_address field_type=textbox status=success strategy=rag_suggest correlation_id=d1247cdde64b4beb9928e8fae8e8ca43 fallback_xpath=//xh-never-match[@id='current_address-broken'] healed_kind=xpath healed_value=//label[normalize-space()='Current Address' or contains(translate(normalize-space(), 'ABCDEFGHIJKLMNOPQRSTUVWXYZ', 'abcdefghijklmnopqrstuvwxyz'), 'current address')]/following::textarea[not(ancestor::*[@role='grid' or contains(@class,'grid')])][1] uniqueness=1.0 stability=0.85 similarity=0.9 overall=0.92
2026-03-11 06:49:11,877 INFO healed_paths element=current_address selected_kind=xpath selected_value=//label[normalize-space()='Current Address' or contains(translate(normalize-space(), 'ABCDEFGHIJKLMNOPQRSTUVWXYZ', 'abcdefghijklmnopqrstuvwxyz'), 'current address')]/following::textarea[not(ancestor::*[@role='grid' or contains(@class,'grid')])][1] xpath=//label[normalize-space()='Current Address' or contains(translate(normalize-space(), 'ABCDEFGHIJKLMNOPQRSTUVWXYZ', 'abcdefghijklmnopqrstuvwxyz'), 'current address')]/following::textarea[not(ancestor::*[@role='grid' or contains(@class,'grid')])][1] xpath_source=selected_locator css=[placeholder="Current Address"] css_source=metadata.robust_css
2026-03-11 06:49:11,881 INFO db_operation backend=DualMetadataRepository operation=find status=ok details={'app_id': 'demo-qa-app', 'page_name': 'text_box', 'element_name': 'permanent_address', 'result': 'hit'}
2026-03-11 06:49:11,892 INFO db_operation backend=DualMetadataRepository operation=log_event status=ok details={'app_id': 'demo-qa-app', 'page_name': 'text_box', 'element_name': 'permanent_address', 'stage': 'recover_start'}
2026-03-11 06:49:14,952 INFO db_operation backend=DualMetadataRepository operation=log_event status=ok details={'app_id': 'demo-qa-app', 'page_name': 'text_box', 'element_name': 'permanent_address', 'stage': 'rag_context'}
2026-03-11 06:49:15,142 INFO db_operation backend=DualMetadataRepository operation=log_event status=ok details={'app_id': 'demo-qa-app', 'page_name': 'text_box', 'element_name': 'permanent_address', 'stage': 'rag'}
2026-03-11 06:49:15,687 INFO db_operation backend=DualMetadataRepository operation=upsert status=ok details={'app_id': 'demo-qa-app', 'page_name': 'text_box', 'element_name': 'permanent_address', 'field_type': 'textbox', 'success_count': 16, 'fail_count': 0}
2026-03-11 06:49:15,695 INFO db_operation backend=DualMetadataRepository operation=log_event status=ok details={'app_id': 'demo-qa-app', 'page_name': 'text_box', 'element_name': 'permanent_address', 'stage': 'recover_end'}
2026-03-11 06:49:15,696 INFO heal_attempt element=permanent_address field_type=textbox status=success strategy=rag_suggest correlation_id=e1d6d9c3ef62497991d96c6ec18221bd fallback_xpath=//xh-never-match[@id='permanent_address-broken'] healed_kind=xpath healed_value=//label[normalize-space()='Permanent Address' or contains(translate(normalize-space(), 'ABCDEFGHIJKLMNOPQRSTUVWXYZ', 'abcdefghijklmnopqrstuvwxyz'), 'permanent address')]/following::textarea[not(ancestor::*[@role='grid' or contains(@class,'grid')])][1] uniqueness=1.0 stability=0.82 similarity=0.35 overall=0.798
2026-03-11 06:49:15,764 INFO healed_paths element=permanent_address selected_kind=xpath selected_value=//label[normalize-space()='Permanent Address' or contains(translate(normalize-space(), 'ABCDEFGHIJKLMNOPQRSTUVWXYZ', 'abcdefghijklmnopqrstuvwxyz'), 'permanent address')]/following::textarea[not(ancestor::*[@role='grid' or contains(@class,'grid')])][1] xpath=//label[normalize-space()='Permanent Address' or contains(translate(normalize-space(), 'ABCDEFGHIJKLMNOPQRSTUVWXYZ', 'abcdefghijklmnopqrstuvwxyz'), 'permanent address')]/following::textarea[not(ancestor::*[@role='grid' or contains(@class,'grid')])][1] xpath_source=selected_locator css=textarea css_source=metadata.robust_css
2026-03-11 06:49:16,258 INFO step_screenshot_saved test=test_tc1_textbox_form_fill_and_submit step=I_heal_and_fill_all_text-box_form_fields keyword=When path=artifacts\screenshots\test_tc1_textbox_form_fill_and_submit__step02__I_heal_and_fill_all_text-box_form_fields.png
2026-03-11 06:49:16,267 INFO db_operation backend=DualMetadataRepository operation=find status=ok details={'app_id': 'demo-qa-app', 'page_name': 'text_box', 'element_name': 'submit', 'result': 'hit'}
2026-03-11 06:49:16,276 INFO db_operation backend=DualMetadataRepository operation=log_event status=ok details={'app_id': 'demo-qa-app', 'page_name': 'text_box', 'element_name': 'submit', 'stage': 'recover_start'}
2026-03-11 06:49:19,474 INFO db_operation backend=DualMetadataRepository operation=log_event status=ok details={'app_id': 'demo-qa-app', 'page_name': 'text_box', 'element_name': 'submit', 'stage': 'rag_context'}
2026-03-11 06:49:19,596 INFO db_operation backend=DualMetadataRepository operation=log_event status=ok details={'app_id': 'demo-qa-app', 'page_name': 'text_box', 'element_name': 'submit', 'stage': 'rag'}
2026-03-11 06:49:20,290 INFO db_operation backend=DualMetadataRepository operation=upsert status=ok details={'app_id': 'demo-qa-app', 'page_name': 'text_box', 'element_name': 'submit', 'field_type': 'button', 'success_count': 16, 'fail_count': 0}
2026-03-11 06:49:20,298 INFO db_operation backend=DualMetadataRepository operation=log_event status=ok details={'app_id': 'demo-qa-app', 'page_name': 'text_box', 'element_name': 'submit', 'stage': 'recover_end'}
2026-03-11 06:49:20,300 INFO heal_attempt element=submit field_type=button status=success strategy=rag_suggest correlation_id=cb7673907f8e4c45977389eb4a796507 fallback_xpath=//xh-never-match[@id='submit-broken'] healed_kind=role healed_value=button uniqueness=1.0 stability=0.93 similarity=0.9 overall=0.952
2026-03-11 06:49:20,372 INFO healed_paths element=submit selected_kind=role selected_value=button xpath=//button[contains(normalize-space(), 'submit')] xpath_source=metadata.robust_xpath css=button css_source=metadata.robust_css
2026-03-11 06:49:20,824 INFO step_screenshot_saved test=test_tc1_textbox_form_fill_and_submit step=I_heal_and_click_the_text-box_submit_button keyword=And path=artifacts\screenshots\test_tc1_textbox_form_fill_and_submit__step03__I_heal_and_click_the_text-box_submit_button.png
2026-03-11 06:49:21,109 INFO step_screenshot_saved test=test_tc1_textbox_form_fill_and_submit step=I_should_see_submitted_text-box_output_values keyword=Then path=artifacts\screenshots\test_tc1_textbox_form_fill_and_submit__step04__I_should_see_submitted_text-box_output_values.png
2026-03-11 06:49:21,355 INFO step_screenshot_saved test=test_tc1_textbox_form_fill_and_submit step=trace_logs_should_contain_expected_healing_stages keyword=And path=artifacts\screenshots\test_tc1_textbox_form_fill_and_submit__step05__trace_logs_should_contain_expected_healing_stages.png
2026-03-11 06:49:21,615 INFO screenshot_saved test=test_tc1_textbox_form_fill_and_submit path=artifacts\screenshots\test_tc1_textbox_form_fill_and_submit__final.png
2026-03-11 06:49:21,982 INFO video_saved test=test_tc1_textbox_form_fill_and_submit path=artifacts\videos\test_tc1_textbox_form_fill_and_submit.webm
2026-03-11 06:49:24,822 INFO browser_started engine=chromium channel= headless=False
2026-03-11 06:49:30,565 INFO step_screenshot_saved test=test_tc2_checkbox_home_icon_select_and_message_verify step=I_open_the_checkbox_demo_page keyword=Given path=artifacts\screenshots\test_tc2_checkbox_home_icon_select_and_message_verify__step01__I_open_the_checkbox_demo_page.png
2026-03-11 06:49:30,573 INFO db_operation backend=DualMetadataRepository operation=find status=ok details={'app_id': 'demo-qa-app', 'page_name': 'checkbox', 'element_name': 'home_checkbox_icon', 'result': 'hit'}
2026-03-11 06:49:30,587 INFO db_operation backend=DualMetadataRepository operation=log_event status=ok details={'app_id': 'demo-qa-app', 'page_name': 'checkbox', 'element_name': 'home_checkbox_icon', 'stage': 'recover_start'}
2026-03-11 06:49:34,022 INFO db_operation backend=DualMetadataRepository operation=log_event status=ok details={'app_id': 'demo-qa-app', 'page_name': 'checkbox', 'element_name': 'home_checkbox_icon', 'stage': 'rag_context'}
2026-03-11 06:49:34,177 INFO db_operation backend=DualMetadataRepository operation=log_event status=ok details={'app_id': 'demo-qa-app', 'page_name': 'checkbox', 'element_name': 'home_checkbox_icon', 'stage': 'rag'}
2026-03-11 06:49:34,712 INFO db_operation backend=DualMetadataRepository operation=upsert status=ok details={'app_id': 'demo-qa-app', 'page_name': 'checkbox', 'element_name': 'home_checkbox_icon', 'field_type': 'checkbox', 'success_count': 16, 'fail_count': 3}
2026-03-11 06:49:34,722 INFO db_operation backend=DualMetadataRepository operation=log_event status=ok details={'app_id': 'demo-qa-app', 'page_name': 'checkbox', 'element_name': 'home_checkbox_icon', 'stage': 'recover_end'}
2026-03-11 06:49:34,724 INFO heal_attempt element=home_checkbox_icon field_type=checkbox status=success strategy=rag_suggest correlation_id=e6ea92824176408bb0b56261afa97c63 fallback_xpath=//xh-never-match[@id='home_checkbox_icon-broken'] healed_kind=xpath healed_value=//*[self::span or self::label][normalize-space()='Home' or contains(translate(normalize-space(),'ABCDEFGHIJKLMNOPQRSTUVWXYZ','abcdefghijklmnopqrstuvwxyz'),'home')]/preceding::*[contains(@class,'checkbox')][1] uniqueness=1.0 stability=0.64 similarity=0.35 overall=0.726
2026-03-11 06:49:34,812 INFO healed_paths element=home_checkbox_icon selected_kind=xpath selected_value=//*[self::span or self::label][normalize-space()='Home' or contains(translate(normalize-space(),'ABCDEFGHIJKLMNOPQRSTUVWXYZ','abcdefghijklmnopqrstuvwxyz'),'home')]/preceding::*[contains(@class,'checkbox')][1] xpath=//*[self::span or self::label][normalize-space()='Home' or contains(translate(normalize-space(),'ABCDEFGHIJKLMNOPQRSTUVWXYZ','abcdefghijklmnopqrstuvwxyz'),'home')]/preceding::*[contains(@class,'checkbox')][1] xpath_source=selected_locator css=span css_source=metadata.robust_css
2026-03-11 06:49:35,208 INFO step_screenshot_saved test=test_tc2_checkbox_home_icon_select_and_message_verify step=I_heal_and_click_the_Home_checkbox_icon keyword=When path=artifacts\screenshots\test_tc2_checkbox_home_icon_select_and_message_verify__step02__I_heal_and_click_the_Home_checkbox_icon.png
2026-03-11 06:49:35,493 INFO step_screenshot_saved test=test_tc2_checkbox_home_icon_select_and_message_verify step=I_should_see_checkbox_selection_message_for_Home keyword=Then path=artifacts\screenshots\test_tc2_checkbox_home_icon_select_and_message_verify__step03__I_should_see_checkbox_selection_message_for_Home.png
2026-03-11 06:49:35,749 INFO step_screenshot_saved test=test_tc2_checkbox_home_icon_select_and_message_verify step=trace_logs_should_contain_expected_healing_stages keyword=And path=artifacts\screenshots\test_tc2_checkbox_home_icon_select_and_message_verify__step04__trace_logs_should_contain_expected_healing_stages.png
2026-03-11 06:49:35,991 INFO screenshot_saved test=test_tc2_checkbox_home_icon_select_and_message_verify path=artifacts\screenshots\test_tc2_checkbox_home_icon_select_and_message_verify__final.png
2026-03-11 06:49:36,209 INFO video_saved test=test_tc2_checkbox_home_icon_select_and_message_verify path=artifacts\videos\test_tc2_checkbox_home_icon_select_and_message_verify.webm
2026-03-11 06:49:38,990 INFO browser_started engine=chromium channel= headless=False
2026-03-11 06:49:46,656 INFO step_screenshot_saved test=test_tc3_webtables_first_row_verification step=I_open_the_webtables_demo_page keyword=Given path=artifacts\screenshots\test_tc3_webtables_first_row_verification__step01__I_open_the_webtables_demo_page.png
2026-03-11 06:49:46,662 INFO db_operation backend=DualMetadataRepository operation=find status=ok details={'app_id': 'demo-qa-app', 'page_name': 'webtables', 'element_name': 'row1_first_name', 'result': 'hit'}
2026-03-11 06:49:46,676 INFO db_operation backend=DualMetadataRepository operation=log_event status=ok details={'app_id': 'demo-qa-app', 'page_name': 'webtables', 'element_name': 'row1_first_name', 'stage': 'recover_start'}
2026-03-11 06:49:49,107 INFO db_operation backend=DualMetadataRepository operation=log_event status=ok details={'app_id': 'demo-qa-app', 'page_name': 'webtables', 'element_name': 'row1_first_name', 'stage': 'rag_context'}
2026-03-11 06:49:49,248 INFO db_operation backend=DualMetadataRepository operation=log_event status=ok details={'app_id': 'demo-qa-app', 'page_name': 'webtables', 'element_name': 'row1_first_name', 'stage': 'rag'}
2026-03-11 06:49:49,801 INFO db_operation backend=DualMetadataRepository operation=upsert status=ok details={'app_id': 'demo-qa-app', 'page_name': 'webtables', 'element_name': 'row1_first_name', 'field_type': 'text', 'success_count': 11, 'fail_count': 7}
2026-03-11 06:49:49,809 INFO db_operation backend=DualMetadataRepository operation=log_event status=ok details={'app_id': 'demo-qa-app', 'page_name': 'webtables', 'element_name': 'row1_first_name', 'stage': 'recover_end'}
2026-03-11 06:49:49,811 INFO heal_attempt element=row1_first_name field_type=text status=success strategy=rag_suggest correlation_id=24f1539a46134511bd110362cd991a1d fallback_xpath=//xh-never-match[@id='row1_first_name-broken'] healed_kind=text healed_value=Cierra uniqueness=0.5 stability=0.65 similarity=1.0 overall=0.66
2026-03-11 06:49:49,889 INFO healed_paths element=row1_first_name selected_kind=text selected_value=Cierra xpath=//*[@role='gridcell' and contains(translate(normalize-space(), 'ABCDEFGHIJKLMNOPQRSTUVWXYZ', 'abcdefghijklmnopqrstuvwxyz'), 'cierra')] xpath_source=metadata.robust_xpath css=gridcell css_source=metadata.robust_css
2026-03-11 06:49:50,179 INFO step_screenshot_saved test=test_tc3_webtables_first_row_verification step=I_heal_and_verify_the_first_row_first_name_is_Cierra keyword=When path=artifacts\screenshots\test_tc3_webtables_first_row_verification__step02__I_heal_and_verify_the_first_row_first_name_is_Cierra.png
2026-03-11 06:49:50,222 INFO db_operation backend=DualMetadataRepository operation=find status=ok details={'app_id': 'demo-qa-app', 'page_name': 'webtables', 'element_name': 'row1_last_name_veha', 'result': 'miss'}
2026-03-11 06:49:50,232 INFO db_operation backend=DualMetadataRepository operation=log_event status=ok details={'app_id': 'demo-qa-app', 'page_name': 'webtables', 'element_name': 'row1_last_name_veha', 'stage': 'recover_start'}
2026-03-11 06:49:52,450 INFO db_operation backend=DualMetadataRepository operation=log_event status=ok details={'app_id': 'demo-qa-app', 'page_name': 'webtables', 'element_name': 'row1_last_name_veha', 'stage': 'rag_context'}
2026-03-11 06:49:52,563 INFO db_operation backend=DualMetadataRepository operation=log_event status=ok details={'app_id': 'demo-qa-app', 'page_name': 'webtables', 'element_name': 'row1_last_name_veha', 'stage': 'rag'}
2026-03-11 06:49:52,570 INFO db_operation backend=DualMetadataRepository operation=log_event status=ok details={'app_id': 'demo-qa-app', 'page_name': 'webtables', 'element_name': 'row1_last_name_veha', 'stage': 'rag_retry'}
2026-03-11 06:49:54,877 INFO db_operation backend=DualMetadataRepository operation=log_event status=ok details={'app_id': 'demo-qa-app', 'page_name': 'webtables', 'element_name': 'row1_last_name_veha', 'stage': 'rag_context'}
2026-03-11 06:49:54,983 INFO db_operation backend=DualMetadataRepository operation=log_event status=ok details={'app_id': 'demo-qa-app', 'page_name': 'webtables', 'element_name': 'row1_last_name_veha', 'stage': 'rag'}
2026-03-11 06:49:54,990 INFO db_operation backend=DualMetadataRepository operation=log_event status=ok details={'app_id': 'demo-qa-app', 'page_name': 'webtables', 'element_name': 'row1_last_name_veha', 'stage': 'rag_hallucination'}
2026-03-11 06:49:54,996 INFO db_operation backend=DualMetadataRepository operation=log_event status=ok details={'app_id': 'demo-qa-app', 'page_name': 'webtables', 'element_name': 'row1_last_name_veha', 'stage': 'recover_end'}
2026-03-11 06:49:54,998 INFO heal_attempt element=row1_last_name_veha field_type=text status=failed strategy=None correlation_id=29fdcd795e0446e5aa333d4ba82adb81 fallback_xpath=//xh-never-match[@id='row1_last_name_veha-broken'] healed_kind=None healed_value=None uniqueness=None stability=None similarity=None overall=None
2026-03-11 06:49:55,005 INFO db_operation backend=DualMetadataRepository operation=find status=ok details={'app_id': 'demo-qa-app', 'page_name': 'webtables', 'element_name': 'row1_last_name_vega', 'result': 'hit'}
2026-03-11 06:49:55,011 INFO db_operation backend=DualMetadataRepository operation=log_event status=ok details={'app_id': 'demo-qa-app', 'page_name': 'webtables', 'element_name': 'row1_last_name_vega', 'stage': 'recover_start'}
2026-03-11 06:49:57,963 INFO db_operation backend=DualMetadataRepository operation=log_event status=ok details={'app_id': 'demo-qa-app', 'page_name': 'webtables', 'element_name': 'row1_last_name_vega', 'stage': 'rag_context'}
2026-03-11 06:49:58,067 INFO db_operation backend=DualMetadataRepository operation=log_event status=ok details={'app_id': 'demo-qa-app', 'page_name': 'webtables', 'element_name': 'row1_last_name_vega', 'stage': 'rag'}
2026-03-11 06:49:58,610 INFO db_operation backend=DualMetadataRepository operation=upsert status=ok details={'app_id': 'demo-qa-app', 'page_name': 'webtables', 'element_name': 'row1_last_name_vega', 'field_type': 'text', 'success_count': 11, 'fail_count': 0}
2026-03-11 06:49:58,618 INFO db_operation backend=DualMetadataRepository operation=log_event status=ok details={'app_id': 'demo-qa-app', 'page_name': 'webtables', 'element_name': 'row1_last_name_vega', 'stage': 'recover_end'}
2026-03-11 06:49:58,620 INFO heal_attempt element=row1_last_name_vega field_type=text status=success strategy=rag_suggest correlation_id=665195c295fe4766823f92d118bb3b58 fallback_xpath=//xh-never-match[@id='row1_last_name_vega-broken'] healed_kind=text healed_value=Vega uniqueness=1.0 stability=0.65 similarity=1.0 overall=0.86
2026-03-11 06:49:58,694 INFO healed_paths element=row1_last_name_vega selected_kind=text selected_value=Vega xpath=//*[@role='gridcell' and contains(translate(normalize-space(), 'ABCDEFGHIJKLMNOPQRSTUVWXYZ', 'abcdefghijklmnopqrstuvwxyz'), 'vega')] xpath_source=metadata.robust_xpath css=gridcell css_source=metadata.robust_css
2026-03-11 06:49:59,003 INFO step_screenshot_saved test=test_tc3_webtables_first_row_verification step=I_heal_and_verify_the_first_row_last_name_is_one_of keyword=Then path=artifacts\screenshots\test_tc3_webtables_first_row_verification__step03__I_heal_and_verify_the_first_row_last_name_is_one_of.png
2026-03-11 06:49:59,260 INFO step_screenshot_saved test=test_tc3_webtables_first_row_verification step=trace_logs_should_contain_expected_healing_stages keyword=And path=artifacts\screenshots\test_tc3_webtables_first_row_verification__step04__trace_logs_should_contain_expected_healing_stages.png
2026-03-11 06:49:59,534 INFO screenshot_saved test=test_tc3_webtables_first_row_verification path=artifacts\screenshots\test_tc3_webtables_first_row_verification__final.png
2026-03-11 06:49:59,949 INFO video_saved test=test_tc3_webtables_first_row_verification path=artifacts\videos\test_tc3_webtables_first_row_verification.webm
2026-03-11 06:50:02,764 INFO browser_started engine=chromium channel= headless=False
2026-03-11 06:50:09,514 INFO step_screenshot_saved test=test_tc4_raw_fallback_xpath_fails_without_healer step=I_open_the_text-box_demo_page keyword=Given path=artifacts\screenshots\test_tc4_raw_fallback_xpath_fails_without_healer__step01__I_open_the_text-box_demo_page.png
2026-03-11 06:50:09,554 ERROR raw_xpath_lookup_failed xpath=//xh-never-match[@id='raw_xpath_negative-broken'] matched_count=0
2026-03-11 06:50:09,821 INFO step_screenshot_saved test=test_tc4_raw_fallback_xpath_fails_without_healer step=I_query_raw_invalid_fallback_xpath_without_healer keyword=When path=artifacts\screenshots\test_tc4_raw_fallback_xpath_fails_without_healer__step02__I_query_raw_invalid_fallback_xpath_without_healer.png
2026-03-11 06:50:10,177 INFO screenshot_saved test=test_tc4_raw_fallback_xpath_fails_without_healer path=artifacts\screenshots\test_tc4_raw_fallback_xpath_fails_without_healer__final.png
2026-03-11 06:50:10,447 INFO failure_screenshot_saved test=test_tc4_raw_fallback_xpath_fails_without_healer path=artifacts\screenshots\test_tc4_raw_fallback_xpath_fails_without_healer__failed.png
2026-03-11 06:50:10,762 INFO video_saved test=test_tc4_raw_fallback_xpath_fails_without_healer path=artifacts\videos\test_tc4_raw_fallback_xpath_fails_without_healer.webm
