2026-03-18 08:44:27,146 INFO metadata_repository backend=DualMetadataRepository(primary=Postgres,fallback=Json)
2026-03-18 08:44:29,314 INFO browser_started framework=playwright browser=chrome channel=chrome headless=True
2026-03-18 08:44:43,105 INFO step_screenshot_saved test=test_tc1_textbox_form_fill_and_submit step=I_open_the_text-box_demo_page keyword=Given path=artifacts\screenshots\test_tc1_textbox_form_fill_and_submit__step01__I_open_the_text-box_demo_page.png
2026-03-18 08:44:43,308 INFO db_operation backend=DualMetadataRepository operation=find status=ok details={'app_id': 'demo-qa-app', 'page_name': 'text_box', 'element_name': 'full_name', 'result': 'miss'}
2026-03-18 08:44:43,326 INFO db_operation backend=DualMetadataRepository operation=log_event status=ok details={'app_id': 'demo-qa-app', 'page_name': 'text_box', 'element_name': 'full_name', 'stage': 'recover_start'}
2026-03-18 08:44:43,352 INFO db_operation backend=DualMetadataRepository operation=log_event status=ok details={'app_id': 'demo-qa-app', 'page_name': 'text_box', 'element_name': 'full_name', 'stage': 'fallback'}
2026-03-18 08:44:43,791 INFO db_operation backend=DualMetadataRepository operation=log_event status=ok details={'app_id': 'demo-qa-app', 'page_name': 'text_box', 'element_name': 'full_name', 'stage': 'rules'}
2026-03-18 08:44:43,799 INFO db_operation backend=DualMetadataRepository operation=log_event status=ok details={'app_id': 'demo-qa-app', 'page_name': 'text_box', 'element_name': 'full_name', 'stage': 'rules'}
2026-03-18 08:44:43,805 INFO db_operation backend=DualMetadataRepository operation=log_event status=ok details={'app_id': 'demo-qa-app', 'page_name': 'text_box', 'element_name': 'full_name', 'stage': 'rules'}
2026-03-18 08:44:43,811 INFO db_operation backend=DualMetadataRepository operation=log_event status=ok details={'app_id': 'demo-qa-app', 'page_name': 'text_box', 'element_name': 'full_name', 'stage': 'rules'}
2026-03-18 08:44:43,817 INFO db_operation backend=DualMetadataRepository operation=log_event status=ok details={'app_id': 'demo-qa-app', 'page_name': 'text_box', 'element_name': 'full_name', 'stage': 'rules'}
2026-03-18 08:44:43,823 INFO db_operation backend=DualMetadataRepository operation=log_event status=ok details={'app_id': 'demo-qa-app', 'page_name': 'text_box', 'element_name': 'full_name', 'stage': 'rules'}
2026-03-18 08:44:47,631 INFO db_operation backend=DualMetadataRepository operation=upsert status=ok details={'app_id': 'demo-qa-app', 'page_name': 'text_box', 'element_name': 'full_name', 'field_type': 'textbox', 'success_count': 1, 'fail_count': 0}
2026-03-18 08:44:47,638 INFO db_operation backend=DualMetadataRepository operation=log_event status=ok details={'app_id': 'demo-qa-app', 'page_name': 'text_box', 'element_name': 'full_name', 'stage': 'recover_end'}
2026-03-18 08:44:47,640 INFO heal_attempt element=full_name field_type=textbox status=success strategy=axis_hint_field correlation_id=618147b71b5445998e5b79d9821b4543 fallback_xpath=//xh-never-match[@id='full_name-broken'] healed_kind=xpath healed_value=//label[normalize-space()='Full Name' or contains(translate(normalize-space(), 'ABCDEFGHIJKLMNOPQRSTUVWXYZ', 'abcdefghijklmnopqrstuvwxyz'), 'full name')]/following::input[not(ancestor::*[@role='grid' or contains(@class,'grid')])][1] uniqueness=1.0 stability=0.88 similarity=1.0 overall=0.952
2026-03-18 08:44:47,934 INFO healed_paths element=full_name selected_kind=xpath selected_value=//label[normalize-space()='Full Name' or contains(translate(normalize-space(), 'ABCDEFGHIJKLMNOPQRSTUVWXYZ', 'abcdefghijklmnopqrstuvwxyz'), 'full name')]/following::input[not(ancestor::*[@role='grid' or contains(@class,'grid')])][1] xpath=//label[normalize-space()='Full Name' or contains(translate(normalize-space(), 'ABCDEFGHIJKLMNOPQRSTUVWXYZ', 'abcdefghijklmnopqrstuvwxyz'), 'full name')]/following::input[not(ancestor::*[@role='grid' or contains(@class,'grid')])][1] xpath_source=selected_locator css=[placeholder="Full Name"] css_source=metadata.robust_css
2026-03-18 08:44:47,963 INFO db_operation backend=DualMetadataRepository operation=find status=ok details={'app_id': 'demo-qa-app', 'page_name': 'text_box', 'element_name': 'email', 'result': 'miss'}
2026-03-18 08:44:47,980 INFO db_operation backend=DualMetadataRepository operation=log_event status=ok details={'app_id': 'demo-qa-app', 'page_name': 'text_box', 'element_name': 'email', 'stage': 'recover_start'}
2026-03-18 08:44:48,005 INFO db_operation backend=DualMetadataRepository operation=log_event status=ok details={'app_id': 'demo-qa-app', 'page_name': 'text_box', 'element_name': 'email', 'stage': 'fallback'}
2026-03-18 08:44:48,532 INFO db_operation backend=DualMetadataRepository operation=log_event status=ok details={'app_id': 'demo-qa-app', 'page_name': 'text_box', 'element_name': 'email', 'stage': 'rules'}
2026-03-18 08:44:48,540 INFO db_operation backend=DualMetadataRepository operation=log_event status=ok details={'app_id': 'demo-qa-app', 'page_name': 'text_box', 'element_name': 'email', 'stage': 'rules'}
2026-03-18 08:44:48,546 INFO db_operation backend=DualMetadataRepository operation=log_event status=ok details={'app_id': 'demo-qa-app', 'page_name': 'text_box', 'element_name': 'email', 'stage': 'rules'}
2026-03-18 08:44:48,553 INFO db_operation backend=DualMetadataRepository operation=log_event status=ok details={'app_id': 'demo-qa-app', 'page_name': 'text_box', 'element_name': 'email', 'stage': 'rules'}
2026-03-18 08:44:48,558 INFO db_operation backend=DualMetadataRepository operation=log_event status=ok details={'app_id': 'demo-qa-app', 'page_name': 'text_box', 'element_name': 'email', 'stage': 'rules'}
2026-03-18 08:44:48,564 INFO db_operation backend=DualMetadataRepository operation=log_event status=ok details={'app_id': 'demo-qa-app', 'page_name': 'text_box', 'element_name': 'email', 'stage': 'rules'}
2026-03-18 08:44:48,957 INFO db_operation backend=DualMetadataRepository operation=upsert status=ok details={'app_id': 'demo-qa-app', 'page_name': 'text_box', 'element_name': 'email', 'field_type': 'textbox', 'success_count': 1, 'fail_count': 0}
2026-03-18 08:44:48,965 INFO db_operation backend=DualMetadataRepository operation=log_event status=ok details={'app_id': 'demo-qa-app', 'page_name': 'text_box', 'element_name': 'email', 'stage': 'recover_end'}
2026-03-18 08:44:48,967 INFO heal_attempt element=email field_type=textbox status=success strategy=axis_hint_field correlation_id=1391960f98164101a0d0d1e1a2964986 fallback_xpath=//xh-never-match[@id='email-broken'] healed_kind=xpath healed_value=//label[normalize-space()='Email' or contains(translate(normalize-space(), 'ABCDEFGHIJKLMNOPQRSTUVWXYZ', 'abcdefghijklmnopqrstuvwxyz'), 'email')]/following::input[not(ancestor::*[@role='grid' or contains(@class,'grid')])][1] uniqueness=1.0 stability=0.88 similarity=1.0 overall=0.952
2026-03-18 08:44:49,039 INFO healed_paths element=email selected_kind=xpath selected_value=//label[normalize-space()='Email' or contains(translate(normalize-space(), 'ABCDEFGHIJKLMNOPQRSTUVWXYZ', 'abcdefghijklmnopqrstuvwxyz'), 'email')]/following::input[not(ancestor::*[@role='grid' or contains(@class,'grid')])][1] xpath=//label[normalize-space()='Email' or contains(translate(normalize-space(), 'ABCDEFGHIJKLMNOPQRSTUVWXYZ', 'abcdefghijklmnopqrstuvwxyz'), 'email')]/following::input[not(ancestor::*[@role='grid' or contains(@class,'grid')])][1] xpath_source=selected_locator css=[placeholder="name@example.com"] css_source=metadata.robust_css
2026-03-18 08:44:49,069 INFO db_operation backend=DualMetadataRepository operation=find status=ok details={'app_id': 'demo-qa-app', 'page_name': 'text_box', 'element_name': 'current_address', 'result': 'miss'}
2026-03-18 08:44:49,084 INFO db_operation backend=DualMetadataRepository operation=log_event status=ok details={'app_id': 'demo-qa-app', 'page_name': 'text_box', 'element_name': 'current_address', 'stage': 'recover_start'}
2026-03-18 08:44:49,107 INFO db_operation backend=DualMetadataRepository operation=log_event status=ok details={'app_id': 'demo-qa-app', 'page_name': 'text_box', 'element_name': 'current_address', 'stage': 'fallback'}
2026-03-18 08:44:49,434 INFO db_operation backend=DualMetadataRepository operation=log_event status=ok details={'app_id': 'demo-qa-app', 'page_name': 'text_box', 'element_name': 'current_address', 'stage': 'rules'}
2026-03-18 08:44:49,439 INFO db_operation backend=DualMetadataRepository operation=log_event status=ok details={'app_id': 'demo-qa-app', 'page_name': 'text_box', 'element_name': 'current_address', 'stage': 'rules'}
2026-03-18 08:44:49,445 INFO db_operation backend=DualMetadataRepository operation=log_event status=ok details={'app_id': 'demo-qa-app', 'page_name': 'text_box', 'element_name': 'current_address', 'stage': 'rules'}
2026-03-18 08:44:49,451 INFO db_operation backend=DualMetadataRepository operation=log_event status=ok details={'app_id': 'demo-qa-app', 'page_name': 'text_box', 'element_name': 'current_address', 'stage': 'rules'}
2026-03-18 08:44:49,457 INFO db_operation backend=DualMetadataRepository operation=log_event status=ok details={'app_id': 'demo-qa-app', 'page_name': 'text_box', 'element_name': 'current_address', 'stage': 'rules'}
2026-03-18 08:44:49,463 INFO db_operation backend=DualMetadataRepository operation=log_event status=ok details={'app_id': 'demo-qa-app', 'page_name': 'text_box', 'element_name': 'current_address', 'stage': 'rules'}
2026-03-18 08:44:49,984 INFO db_operation backend=DualMetadataRepository operation=upsert status=ok details={'app_id': 'demo-qa-app', 'page_name': 'text_box', 'element_name': 'current_address', 'field_type': 'textbox', 'success_count': 1, 'fail_count': 0}
2026-03-18 08:44:49,993 INFO db_operation backend=DualMetadataRepository operation=log_event status=ok details={'app_id': 'demo-qa-app', 'page_name': 'text_box', 'element_name': 'current_address', 'stage': 'recover_end'}
2026-03-18 08:44:49,995 INFO heal_attempt element=current_address field_type=textbox status=success strategy=axis_hint_field correlation_id=7090a07d6dd7457aa009af6261e1d57c fallback_xpath=//xh-never-match[@id='current_address-broken'] healed_kind=xpath healed_value=//label[normalize-space()='Current Address' or contains(translate(normalize-space(), 'ABCDEFGHIJKLMNOPQRSTUVWXYZ', 'abcdefghijklmnopqrstuvwxyz'), 'current address')]/following::textarea[not(ancestor::*[@role='grid' or contains(@class,'grid')])][1] uniqueness=1.0 stability=0.85 similarity=1.0 overall=0.94
2026-03-18 08:44:50,061 INFO healed_paths element=current_address selected_kind=xpath selected_value=//label[normalize-space()='Current Address' or contains(translate(normalize-space(), 'ABCDEFGHIJKLMNOPQRSTUVWXYZ', 'abcdefghijklmnopqrstuvwxyz'), 'current address')]/following::textarea[not(ancestor::*[@role='grid' or contains(@class,'grid')])][1] xpath=//label[normalize-space()='Current Address' or contains(translate(normalize-space(), 'ABCDEFGHIJKLMNOPQRSTUVWXYZ', 'abcdefghijklmnopqrstuvwxyz'), 'current address')]/following::textarea[not(ancestor::*[@role='grid' or contains(@class,'grid')])][1] xpath_source=selected_locator css=[placeholder="Current Address"] css_source=metadata.robust_css
2026-03-18 08:44:50,089 INFO db_operation backend=DualMetadataRepository operation=find status=ok details={'app_id': 'demo-qa-app', 'page_name': 'text_box', 'element_name': 'permanent_address', 'result': 'miss'}
2026-03-18 08:44:50,099 INFO db_operation backend=DualMetadataRepository operation=log_event status=ok details={'app_id': 'demo-qa-app', 'page_name': 'text_box', 'element_name': 'permanent_address', 'stage': 'recover_start'}
2026-03-18 08:44:50,122 INFO db_operation backend=DualMetadataRepository operation=log_event status=ok details={'app_id': 'demo-qa-app', 'page_name': 'text_box', 'element_name': 'permanent_address', 'stage': 'fallback'}
2026-03-18 08:44:50,457 INFO db_operation backend=DualMetadataRepository operation=log_event status=ok details={'app_id': 'demo-qa-app', 'page_name': 'text_box', 'element_name': 'permanent_address', 'stage': 'rules'}
2026-03-18 08:44:50,465 INFO db_operation backend=DualMetadataRepository operation=log_event status=ok details={'app_id': 'demo-qa-app', 'page_name': 'text_box', 'element_name': 'permanent_address', 'stage': 'rules'}
2026-03-18 08:44:50,472 INFO db_operation backend=DualMetadataRepository operation=log_event status=ok details={'app_id': 'demo-qa-app', 'page_name': 'text_box', 'element_name': 'permanent_address', 'stage': 'rules'}
2026-03-18 08:44:50,479 INFO db_operation backend=DualMetadataRepository operation=log_event status=ok details={'app_id': 'demo-qa-app', 'page_name': 'text_box', 'element_name': 'permanent_address', 'stage': 'rules'}
2026-03-18 08:44:50,486 INFO db_operation backend=DualMetadataRepository operation=log_event status=ok details={'app_id': 'demo-qa-app', 'page_name': 'text_box', 'element_name': 'permanent_address', 'stage': 'rules'}
2026-03-18 08:44:50,492 INFO db_operation backend=DualMetadataRepository operation=log_event status=ok details={'app_id': 'demo-qa-app', 'page_name': 'text_box', 'element_name': 'permanent_address', 'stage': 'rules'}
2026-03-18 08:44:51,511 INFO db_operation backend=DualMetadataRepository operation=upsert status=ok details={'app_id': 'demo-qa-app', 'page_name': 'text_box', 'element_name': 'permanent_address', 'field_type': 'textbox', 'success_count': 1, 'fail_count': 0}
2026-03-18 08:44:51,520 INFO db_operation backend=DualMetadataRepository operation=log_event status=ok details={'app_id': 'demo-qa-app', 'page_name': 'text_box', 'element_name': 'permanent_address', 'stage': 'recover_end'}
2026-03-18 08:44:51,522 INFO heal_attempt element=permanent_address field_type=textbox status=success strategy=axis_hint_field correlation_id=a7e7efda7d2743ffb482ee91c44007ce fallback_xpath=//xh-never-match[@id='permanent_address-broken'] healed_kind=xpath healed_value=//label[normalize-space()='Permanent Address' or contains(translate(normalize-space(), 'ABCDEFGHIJKLMNOPQRSTUVWXYZ', 'abcdefghijklmnopqrstuvwxyz'), 'permanent address')]/following::textarea[not(ancestor::*[@role='grid' or contains(@class,'grid')])][1] uniqueness=1.0 stability=0.82 similarity=1.0 overall=0.928
2026-03-18 08:44:51,591 INFO healed_paths element=permanent_address selected_kind=xpath selected_value=//label[normalize-space()='Permanent Address' or contains(translate(normalize-space(), 'ABCDEFGHIJKLMNOPQRSTUVWXYZ', 'abcdefghijklmnopqrstuvwxyz'), 'permanent address')]/following::textarea[not(ancestor::*[@role='grid' or contains(@class,'grid')])][1] xpath=//label[normalize-space()='Permanent Address' or contains(translate(normalize-space(), 'ABCDEFGHIJKLMNOPQRSTUVWXYZ', 'abcdefghijklmnopqrstuvwxyz'), 'permanent address')]/following::textarea[not(ancestor::*[@role='grid' or contains(@class,'grid')])][1] xpath_source=selected_locator css=textarea css_source=metadata.robust_css
2026-03-18 08:44:52,009 INFO step_screenshot_saved test=test_tc1_textbox_form_fill_and_submit step=I_heal_and_fill_all_text-box_form_fields keyword=When path=artifacts\screenshots\test_tc1_textbox_form_fill_and_submit__step02__I_heal_and_fill_all_text-box_form_fields.png
2026-03-18 08:44:52,050 INFO db_operation backend=DualMetadataRepository operation=find status=ok details={'app_id': 'demo-qa-app', 'page_name': 'text_box', 'element_name': 'submit', 'result': 'miss'}
2026-03-18 08:44:52,057 INFO db_operation backend=DualMetadataRepository operation=log_event status=ok details={'app_id': 'demo-qa-app', 'page_name': 'text_box', 'element_name': 'submit', 'stage': 'recover_start'}
2026-03-18 08:44:52,082 INFO db_operation backend=DualMetadataRepository operation=log_event status=ok details={'app_id': 'demo-qa-app', 'page_name': 'text_box', 'element_name': 'submit', 'stage': 'fallback'}
2026-03-18 08:44:52,621 INFO db_operation backend=DualMetadataRepository operation=log_event status=ok details={'app_id': 'demo-qa-app', 'page_name': 'text_box', 'element_name': 'submit', 'stage': 'rules'}
2026-03-18 08:44:52,626 INFO db_operation backend=DualMetadataRepository operation=log_event status=ok details={'app_id': 'demo-qa-app', 'page_name': 'text_box', 'element_name': 'submit', 'stage': 'rules'}
2026-03-18 08:44:52,632 INFO db_operation backend=DualMetadataRepository operation=log_event status=ok details={'app_id': 'demo-qa-app', 'page_name': 'text_box', 'element_name': 'submit', 'stage': 'rules'}
2026-03-18 08:44:52,638 INFO db_operation backend=DualMetadataRepository operation=log_event status=ok details={'app_id': 'demo-qa-app', 'page_name': 'text_box', 'element_name': 'submit', 'stage': 'rules'}
2026-03-18 08:44:52,643 INFO db_operation backend=DualMetadataRepository operation=log_event status=ok details={'app_id': 'demo-qa-app', 'page_name': 'text_box', 'element_name': 'submit', 'stage': 'rules'}
2026-03-18 08:44:52,649 INFO db_operation backend=DualMetadataRepository operation=log_event status=ok details={'app_id': 'demo-qa-app', 'page_name': 'text_box', 'element_name': 'submit', 'stage': 'rules'}
2026-03-18 08:44:52,655 INFO db_operation backend=DualMetadataRepository operation=log_event status=ok details={'app_id': 'demo-qa-app', 'page_name': 'text_box', 'element_name': 'submit', 'stage': 'rules'}
2026-03-18 08:44:52,660 INFO db_operation backend=DualMetadataRepository operation=log_event status=ok details={'app_id': 'demo-qa-app', 'page_name': 'text_box', 'element_name': 'submit', 'stage': 'rules'}
2026-03-18 08:44:53,153 INFO db_operation backend=DualMetadataRepository operation=upsert status=ok details={'app_id': 'demo-qa-app', 'page_name': 'text_box', 'element_name': 'submit', 'field_type': 'button', 'success_count': 1, 'fail_count': 0}
2026-03-18 08:44:53,160 INFO db_operation backend=DualMetadataRepository operation=log_event status=ok details={'app_id': 'demo-qa-app', 'page_name': 'text_box', 'element_name': 'submit', 'stage': 'recover_end'}
2026-03-18 08:44:53,163 INFO heal_attempt element=submit field_type=button status=success strategy=button_text_candidate correlation_id=bb2de6a247eb42b3a389f61777d20f51 fallback_xpath=//xh-never-match[@id='submit-broken'] healed_kind=role healed_value=button uniqueness=1.0 stability=0.93 similarity=1.0 overall=0.972
2026-03-18 08:44:53,227 INFO healed_paths element=submit selected_kind=role selected_value=button xpath=//button[contains(normalize-space(), 'submit')] xpath_source=metadata.robust_xpath css=#submit css_source=metadata.robust_css
2026-03-18 08:44:53,612 INFO step_screenshot_saved test=test_tc1_textbox_form_fill_and_submit step=I_heal_and_click_the_text-box_submit_button keyword=And path=artifacts\screenshots\test_tc1_textbox_form_fill_and_submit__step03__I_heal_and_click_the_text-box_submit_button.png
2026-03-18 08:44:53,850 INFO step_screenshot_saved test=test_tc1_textbox_form_fill_and_submit step=I_should_see_submitted_text-box_output_values keyword=Then path=artifacts\screenshots\test_tc1_textbox_form_fill_and_submit__step04__I_should_see_submitted_text-box_output_values.png
2026-03-18 08:44:54,051 INFO step_screenshot_saved test=test_tc1_textbox_form_fill_and_submit step=trace_logs_should_contain_expected_healing_stages keyword=And path=artifacts\screenshots\test_tc1_textbox_form_fill_and_submit__step05__trace_logs_should_contain_expected_healing_stages.png
2026-03-18 08:44:54,254 INFO screenshot_saved test=test_tc1_textbox_form_fill_and_submit path=artifacts\screenshots\test_tc1_textbox_form_fill_and_submit__final.png
2026-03-18 08:44:54,428 INFO video_saved test=test_tc1_textbox_form_fill_and_submit path=artifacts\videos\test_tc1_textbox_form_fill_and_submit.webm
2026-03-18 08:44:56,713 INFO browser_started framework=playwright browser=chrome channel=chrome headless=True
2026-03-18 08:45:05,174 INFO step_screenshot_saved test=test_tc2_checkbox_home_icon_select_and_message_verify step=I_open_the_checkbox_demo_page keyword=Given path=artifacts\screenshots\test_tc2_checkbox_home_icon_select_and_message_verify__step01__I_open_the_checkbox_demo_page.png
2026-03-18 08:45:05,182 INFO db_operation backend=DualMetadataRepository operation=find status=ok details={'app_id': 'demo-qa-app', 'page_name': 'checkbox', 'element_name': 'home_checkbox_icon', 'result': 'miss'}
2026-03-18 08:45:05,192 INFO db_operation backend=DualMetadataRepository operation=log_event status=ok details={'app_id': 'demo-qa-app', 'page_name': 'checkbox', 'element_name': 'home_checkbox_icon', 'stage': 'recover_start'}
2026-03-18 08:45:05,225 INFO db_operation backend=DualMetadataRepository operation=log_event status=ok details={'app_id': 'demo-qa-app', 'page_name': 'checkbox', 'element_name': 'home_checkbox_icon', 'stage': 'fallback'}
2026-03-18 08:45:05,541 INFO db_operation backend=DualMetadataRepository operation=log_event status=ok details={'app_id': 'demo-qa-app', 'page_name': 'checkbox', 'element_name': 'home_checkbox_icon', 'stage': 'rules'}
2026-03-18 08:45:05,549 INFO db_operation backend=DualMetadataRepository operation=log_event status=ok details={'app_id': 'demo-qa-app', 'page_name': 'checkbox', 'element_name': 'home_checkbox_icon', 'stage': 'rules'}
2026-03-18 08:45:05,556 INFO db_operation backend=DualMetadataRepository operation=log_event status=ok details={'app_id': 'demo-qa-app', 'page_name': 'checkbox', 'element_name': 'home_checkbox_icon', 'stage': 'rules'}
2026-03-18 08:45:05,564 INFO db_operation backend=DualMetadataRepository operation=log_event status=ok details={'app_id': 'demo-qa-app', 'page_name': 'checkbox', 'element_name': 'home_checkbox_icon', 'stage': 'rules'}
2026-03-18 08:45:05,571 INFO db_operation backend=DualMetadataRepository operation=log_event status=ok details={'app_id': 'demo-qa-app', 'page_name': 'checkbox', 'element_name': 'home_checkbox_icon', 'stage': 'rules'}
2026-03-18 08:45:05,578 INFO db_operation backend=DualMetadataRepository operation=log_event status=ok details={'app_id': 'demo-qa-app', 'page_name': 'checkbox', 'element_name': 'home_checkbox_icon', 'stage': 'rules'}
2026-03-18 08:45:06,156 INFO db_operation backend=DualMetadataRepository operation=upsert status=ok details={'app_id': 'demo-qa-app', 'page_name': 'checkbox', 'element_name': 'home_checkbox_icon', 'field_type': 'checkbox', 'success_count': 1, 'fail_count': 0}
2026-03-18 08:45:06,166 INFO db_operation backend=DualMetadataRepository operation=log_event status=ok details={'app_id': 'demo-qa-app', 'page_name': 'checkbox', 'element_name': 'home_checkbox_icon', 'stage': 'recover_end'}
2026-03-18 08:45:06,169 INFO heal_attempt element=home_checkbox_icon field_type=checkbox status=success strategy=checkbox_icon_by_label correlation_id=451e18285f87496985d7d8f89783f4ea fallback_xpath=//xh-never-match[@id='home_checkbox_icon-broken'] healed_kind=xpath healed_value=//*[self::span or self::label][normalize-space()='Home' or contains(translate(normalize-space(),'ABCDEFGHIJKLMNOPQRSTUVWXYZ','abcdefghijklmnopqrstuvwxyz'),'home')]/preceding::*[contains(@class,'checkbox')][1] uniqueness=1.0 stability=0.64 similarity=1.0 overall=0.856
2026-03-18 08:45:06,254 INFO healed_paths element=home_checkbox_icon selected_kind=xpath selected_value=//*[self::span or self::label][normalize-space()='Home' or contains(translate(normalize-space(),'ABCDEFGHIJKLMNOPQRSTUVWXYZ','abcdefghijklmnopqrstuvwxyz'),'home')]/preceding::*[contains(@class,'checkbox')][1] xpath=//*[self::span or self::label][normalize-space()='Home' or contains(translate(normalize-space(),'ABCDEFGHIJKLMNOPQRSTUVWXYZ','abcdefghijklmnopqrstuvwxyz'),'home')]/preceding::*[contains(@class,'checkbox')][1] xpath_source=selected_locator css=div.col-12.mt-4:nth-of-type(2) > div.check-box-tree-wrapper:nth-of-type(2) > div.react-checkbox-tree.rct-icons-fa4:nth-of-type(1) > ol:nth-of-type(1) > li.rct-node.rct-node-parent:nth-of-type(1) > span.rct-text:nth-of-type(1) > label:nth-of-type(1) > span.rct-checkbox:nth-of-type(1) css_source=metadata.robust_css
2026-03-18 08:45:06,649 INFO step_screenshot_saved test=test_tc2_checkbox_home_icon_select_and_message_verify step=I_heal_and_click_the_Home_checkbox_icon keyword=When path=artifacts\screenshots\test_tc2_checkbox_home_icon_select_and_message_verify__step02__I_heal_and_click_the_Home_checkbox_icon.png
2026-03-18 08:45:06,885 INFO step_screenshot_saved test=test_tc2_checkbox_home_icon_select_and_message_verify step=I_should_see_checkbox_selection_message_for_Home keyword=Then path=artifacts\screenshots\test_tc2_checkbox_home_icon_select_and_message_verify__step03__I_should_see_checkbox_selection_message_for_Home.png
2026-03-18 08:45:07,042 INFO step_screenshot_saved test=test_tc2_checkbox_home_icon_select_and_message_verify step=trace_logs_should_contain_expected_healing_stages keyword=And path=artifacts\screenshots\test_tc2_checkbox_home_icon_select_and_message_verify__step04__trace_logs_should_contain_expected_healing_stages.png
2026-03-18 08:45:07,211 INFO screenshot_saved test=test_tc2_checkbox_home_icon_select_and_message_verify path=artifacts\screenshots\test_tc2_checkbox_home_icon_select_and_message_verify__final.png
2026-03-18 08:45:07,458 INFO video_saved test=test_tc2_checkbox_home_icon_select_and_message_verify path=artifacts\videos\test_tc2_checkbox_home_icon_select_and_message_verify.webm
2026-03-18 08:45:09,768 INFO browser_started framework=playwright browser=chrome channel=chrome headless=True
2026-03-18 08:45:19,184 INFO step_screenshot_saved test=test_tc3_webtables_first_row_verification step=I_open_the_webtables_demo_page keyword=Given path=artifacts\screenshots\test_tc3_webtables_first_row_verification__step01__I_open_the_webtables_demo_page.png
2026-03-18 08:45:19,197 INFO db_operation backend=DualMetadataRepository operation=find status=ok details={'app_id': 'demo-qa-app', 'page_name': 'webtables', 'element_name': 'row1_first_name', 'result': 'miss'}
2026-03-18 08:45:19,212 INFO db_operation backend=DualMetadataRepository operation=log_event status=ok details={'app_id': 'demo-qa-app', 'page_name': 'webtables', 'element_name': 'row1_first_name', 'stage': 'recover_start'}
2026-03-18 08:45:19,241 INFO db_operation backend=DualMetadataRepository operation=log_event status=ok details={'app_id': 'demo-qa-app', 'page_name': 'webtables', 'element_name': 'row1_first_name', 'stage': 'fallback'}
2026-03-18 08:45:19,371 INFO db_operation backend=DualMetadataRepository operation=log_event status=ok details={'app_id': 'demo-qa-app', 'page_name': 'webtables', 'element_name': 'row1_first_name', 'stage': 'rules'}
2026-03-18 08:45:19,405 INFO db_operation backend=DualMetadataRepository operation=get_page_index status=ok details={'app_id': 'demo-qa-app', 'page_name': 'webtables', 'result': 'miss'}
2026-03-18 08:45:19,850 INFO db_operation backend=DualMetadataRepository operation=upsert_page_index status=ok details={'app_id': 'demo-qa-app', 'page_name': 'webtables', 'element_count': 212, 'dom_hash': '967335f10d2d'}
2026-03-18 08:45:20,345 INFO db_operation backend=DualMetadataRepository operation=log_event status=ok details={'app_id': 'demo-qa-app', 'page_name': 'webtables', 'element_name': 'row1_first_name', 'stage': 'page_index_lookup'}
2026-03-18 08:45:20,619 INFO db_operation backend=DualMetadataRepository operation=log_event status=ok details={'app_id': 'demo-qa-app', 'page_name': 'webtables', 'element_name': 'row1_first_name', 'stage': 'page_index'}
2026-03-18 08:45:20,624 INFO db_operation backend=DualMetadataRepository operation=log_event status=ok details={'app_id': 'demo-qa-app', 'page_name': 'webtables', 'element_name': 'row1_first_name', 'stage': 'page_index'}
2026-03-18 08:45:20,631 INFO db_operation backend=DualMetadataRepository operation=log_event status=ok details={'app_id': 'demo-qa-app', 'page_name': 'webtables', 'element_name': 'row1_first_name', 'stage': 'page_index'}
2026-03-18 08:45:20,636 INFO db_operation backend=DualMetadataRepository operation=log_event status=ok details={'app_id': 'demo-qa-app', 'page_name': 'webtables', 'element_name': 'row1_first_name', 'stage': 'page_index'}
2026-03-18 08:45:20,641 INFO db_operation backend=DualMetadataRepository operation=log_event status=ok details={'app_id': 'demo-qa-app', 'page_name': 'webtables', 'element_name': 'row1_first_name', 'stage': 'page_index'}
2026-03-18 08:45:21,421 INFO db_operation backend=DualMetadataRepository operation=upsert status=ok details={'app_id': 'demo-qa-app', 'page_name': 'webtables', 'element_name': 'row1_first_name', 'field_type': 'text', 'success_count': 1, 'fail_count': 0}
2026-03-18 08:45:21,429 INFO db_operation backend=DualMetadataRepository operation=log_event status=ok details={'app_id': 'demo-qa-app', 'page_name': 'webtables', 'element_name': 'row1_first_name', 'stage': 'recover_end'}
2026-03-18 08:45:21,431 INFO heal_attempt element=row1_first_name field_type=text status=success strategy=page_index.rank:bb0231c1-3ac4-41e7-b088-863b405925d5 correlation_id=fc9884f910304ff9bb16940027330b61 fallback_xpath=//xh-never-match[@id='row1_first_name-broken'] healed_kind=css healed_value=div.rt-td uniqueness=0.0143 stability=0.81 similarity=1.0 overall=0.5297
2026-03-18 08:45:21,499 INFO healed_paths element=row1_first_name selected_kind=css selected_value=div.rt-td xpath=//*[@role='gridcell' and contains(translate(normalize-space(), 'ABCDEFGHIJKLMNOPQRSTUVWXYZ', 'abcdefghijklmnopqrstuvwxyz'), 'cierra')] xpath_source=metadata.robust_xpath css=div.rt-td css_source=selected_locator
2026-03-18 08:45:21,727 INFO step_screenshot_saved test=test_tc3_webtables_first_row_verification step=I_heal_and_verify_the_first_row_first_name_is_Cierra keyword=When path=artifacts\screenshots\test_tc3_webtables_first_row_verification__step02__I_heal_and_verify_the_first_row_first_name_is_Cierra.png
2026-03-18 08:45:21,809 INFO db_operation backend=DualMetadataRepository operation=find status=ok details={'app_id': 'demo-qa-app', 'page_name': 'webtables', 'element_name': 'row1_last_name_veha', 'result': 'miss'}
2026-03-18 08:45:21,824 INFO db_operation backend=DualMetadataRepository operation=log_event status=ok details={'app_id': 'demo-qa-app', 'page_name': 'webtables', 'element_name': 'row1_last_name_veha', 'stage': 'recover_start'}
2026-03-18 08:45:21,849 INFO db_operation backend=DualMetadataRepository operation=log_event status=ok details={'app_id': 'demo-qa-app', 'page_name': 'webtables', 'element_name': 'row1_last_name_veha', 'stage': 'fallback'}
2026-03-18 08:45:21,872 INFO db_operation backend=DualMetadataRepository operation=log_event status=ok details={'app_id': 'demo-qa-app', 'page_name': 'webtables', 'element_name': 'row1_last_name_veha', 'stage': 'rules'}
2026-03-18 08:45:21,887 INFO db_operation backend=DualMetadataRepository operation=get_page_index status=ok details={'app_id': 'demo-qa-app', 'page_name': 'webtables', 'result': 'hit'}
2026-03-18 08:45:22,336 INFO db_operation backend=DualMetadataRepository operation=log_event status=ok details={'app_id': 'demo-qa-app', 'page_name': 'webtables', 'element_name': 'row1_last_name_veha', 'stage': 'page_index_lookup'}
2026-03-18 08:45:22,586 INFO db_operation backend=DualMetadataRepository operation=log_event status=ok details={'app_id': 'demo-qa-app', 'page_name': 'webtables', 'element_name': 'row1_last_name_veha', 'stage': 'page_index'}
2026-03-18 08:45:22,592 INFO db_operation backend=DualMetadataRepository operation=log_event status=ok details={'app_id': 'demo-qa-app', 'page_name': 'webtables', 'element_name': 'row1_last_name_veha', 'stage': 'page_index'}
2026-03-18 08:45:22,598 INFO db_operation backend=DualMetadataRepository operation=log_event status=ok details={'app_id': 'demo-qa-app', 'page_name': 'webtables', 'element_name': 'row1_last_name_veha', 'stage': 'page_index'}
2026-03-18 08:45:22,603 INFO db_operation backend=DualMetadataRepository operation=log_event status=ok details={'app_id': 'demo-qa-app', 'page_name': 'webtables', 'element_name': 'row1_last_name_veha', 'stage': 'page_index'}
2026-03-18 08:45:22,609 INFO db_operation backend=DualMetadataRepository operation=log_event status=ok details={'app_id': 'demo-qa-app', 'page_name': 'webtables', 'element_name': 'row1_last_name_veha', 'stage': 'page_index'}
2026-03-18 08:45:22,648 INFO db_operation backend=DualMetadataRepository operation=log_event status=ok details={'app_id': 'demo-qa-app', 'page_name': 'webtables', 'element_name': 'row1_last_name_veha', 'stage': 'defaults'}
2026-03-18 08:45:22,653 INFO db_operation backend=DualMetadataRepository operation=log_event status=ok details={'app_id': 'demo-qa-app', 'page_name': 'webtables', 'element_name': 'row1_last_name_veha', 'stage': 'defaults'}
2026-03-18 08:45:22,659 INFO db_operation backend=DualMetadataRepository operation=log_event status=ok details={'app_id': 'demo-qa-app', 'page_name': 'webtables', 'element_name': 'row1_last_name_veha', 'stage': 'defaults'}
2026-03-18 08:45:22,741 INFO db_operation backend=DualMetadataRepository operation=log_event status=ok details={'app_id': 'demo-qa-app', 'page_name': 'webtables', 'element_name': 'row1_last_name_veha', 'stage': 'position'}
2026-03-18 08:45:28,273 INFO db_operation backend=DualMetadataRepository operation=log_event status=ok details={'app_id': 'demo-qa-app', 'page_name': 'webtables', 'element_name': 'row1_last_name_veha', 'stage': 'rag_context'}
2026-03-18 08:45:28,386 INFO db_operation backend=DualMetadataRepository operation=log_event status=ok details={'app_id': 'demo-qa-app', 'page_name': 'webtables', 'element_name': 'row1_last_name_veha', 'stage': 'rag'}
2026-03-18 08:45:28,393 INFO db_operation backend=DualMetadataRepository operation=log_event status=ok details={'app_id': 'demo-qa-app', 'page_name': 'webtables', 'element_name': 'row1_last_name_veha', 'stage': 'rag_retry'}
2026-03-18 08:45:31,530 INFO db_operation backend=DualMetadataRepository operation=log_event status=ok details={'app_id': 'demo-qa-app', 'page_name': 'webtables', 'element_name': 'row1_last_name_veha', 'stage': 'rag_context'}
2026-03-18 08:45:31,615 INFO db_operation backend=DualMetadataRepository operation=log_event status=ok details={'app_id': 'demo-qa-app', 'page_name': 'webtables', 'element_name': 'row1_last_name_veha', 'stage': 'rag'}
2026-03-18 08:45:31,621 INFO db_operation backend=DualMetadataRepository operation=log_event status=ok details={'app_id': 'demo-qa-app', 'page_name': 'webtables', 'element_name': 'row1_last_name_veha', 'stage': 'rag_hallucination'}
2026-03-18 08:45:31,626 INFO db_operation backend=DualMetadataRepository operation=log_event status=ok details={'app_id': 'demo-qa-app', 'page_name': 'webtables', 'element_name': 'row1_last_name_veha', 'stage': 'recover_end'}
2026-03-18 08:45:31,628 INFO heal_attempt element=row1_last_name_veha field_type=text status=failed strategy=None correlation_id=fd02738cbffb4a78876310ac9a597417 fallback_xpath=//xh-never-match[@id='row1_last_name_veha-broken'] healed_kind=None healed_value=None uniqueness=None stability=None similarity=None overall=None
2026-03-18 08:45:31,638 INFO db_operation backend=DualMetadataRepository operation=find status=ok details={'app_id': 'demo-qa-app', 'page_name': 'webtables', 'element_name': 'row1_last_name_vega', 'result': 'miss'}
2026-03-18 08:45:31,645 INFO db_operation backend=DualMetadataRepository operation=log_event status=ok details={'app_id': 'demo-qa-app', 'page_name': 'webtables', 'element_name': 'row1_last_name_vega', 'stage': 'recover_start'}
2026-03-18 08:45:31,662 INFO db_operation backend=DualMetadataRepository operation=log_event status=ok details={'app_id': 'demo-qa-app', 'page_name': 'webtables', 'element_name': 'row1_last_name_vega', 'stage': 'fallback'}
2026-03-18 08:45:31,740 INFO db_operation backend=DualMetadataRepository operation=log_event status=ok details={'app_id': 'demo-qa-app', 'page_name': 'webtables', 'element_name': 'row1_last_name_vega', 'stage': 'rules'}
2026-03-18 08:45:31,753 INFO db_operation backend=DualMetadataRepository operation=get_page_index status=ok details={'app_id': 'demo-qa-app', 'page_name': 'webtables', 'result': 'hit'}
2026-03-18 08:45:32,133 INFO db_operation backend=DualMetadataRepository operation=log_event status=ok details={'app_id': 'demo-qa-app', 'page_name': 'webtables', 'element_name': 'row1_last_name_vega', 'stage': 'page_index_lookup'}
2026-03-18 08:45:32,361 INFO db_operation backend=DualMetadataRepository operation=log_event status=ok details={'app_id': 'demo-qa-app', 'page_name': 'webtables', 'element_name': 'row1_last_name_vega', 'stage': 'page_index'}
2026-03-18 08:45:32,367 INFO db_operation backend=DualMetadataRepository operation=log_event status=ok details={'app_id': 'demo-qa-app', 'page_name': 'webtables', 'element_name': 'row1_last_name_vega', 'stage': 'page_index'}
2026-03-18 08:45:32,372 INFO db_operation backend=DualMetadataRepository operation=log_event status=ok details={'app_id': 'demo-qa-app', 'page_name': 'webtables', 'element_name': 'row1_last_name_vega', 'stage': 'page_index'}
2026-03-18 08:45:32,378 INFO db_operation backend=DualMetadataRepository operation=log_event status=ok details={'app_id': 'demo-qa-app', 'page_name': 'webtables', 'element_name': 'row1_last_name_vega', 'stage': 'page_index'}
2026-03-18 08:45:32,385 INFO db_operation backend=DualMetadataRepository operation=log_event status=ok details={'app_id': 'demo-qa-app', 'page_name': 'webtables', 'element_name': 'row1_last_name_vega', 'stage': 'page_index'}
2026-03-18 08:45:32,533 INFO db_operation backend=DualMetadataRepository operation=log_event status=ok details={'app_id': 'demo-qa-app', 'page_name': 'webtables', 'element_name': 'row1_last_name_vega', 'stage': 'defaults'}
2026-03-18 08:45:32,539 INFO db_operation backend=DualMetadataRepository operation=log_event status=ok details={'app_id': 'demo-qa-app', 'page_name': 'webtables', 'element_name': 'row1_last_name_vega', 'stage': 'defaults'}
2026-03-18 08:45:32,545 INFO db_operation backend=DualMetadataRepository operation=log_event status=ok details={'app_id': 'demo-qa-app', 'page_name': 'webtables', 'element_name': 'row1_last_name_vega', 'stage': 'defaults'}
2026-03-18 08:45:33,221 INFO db_operation backend=DualMetadataRepository operation=upsert status=ok details={'app_id': 'demo-qa-app', 'page_name': 'webtables', 'element_name': 'row1_last_name_vega', 'field_type': 'text', 'success_count': 1, 'fail_count': 0}
2026-03-18 08:45:33,229 INFO db_operation backend=DualMetadataRepository operation=log_event status=ok details={'app_id': 'demo-qa-app', 'page_name': 'webtables', 'element_name': 'row1_last_name_vega', 'stage': 'recover_end'}
2026-03-18 08:45:33,230 INFO heal_attempt element=row1_last_name_vega field_type=text status=success strategy=text_occurrence correlation_id=9962219e40d04d3ea1d4354aee8a41bb fallback_xpath=//xh-never-match[@id='row1_last_name_vega-broken'] healed_kind=text healed_value=Vega uniqueness=1.0 stability=0.75 similarity=1.0 overall=0.9
2026-03-18 08:45:33,297 INFO healed_paths element=row1_last_name_vega selected_kind=text selected_value=Vega xpath=//*[@role='gridcell' and contains(translate(normalize-space(), 'ABCDEFGHIJKLMNOPQRSTUVWXYZ', 'abcdefghijklmnopqrstuvwxyz'), 'vega')] xpath_source=metadata.robust_xpath css=div.col-12.mt-4:nth-of-type(2) > div.web-tables-wrapper:nth-of-type(2) > div.ReactTable.-striped:nth-of-type(3) > div.rt-table:nth-of-type(1) > div.rt-tbody:nth-of-type(2) > div.rt-tr-group:nth-of-type(1) > div.rt-tr.-odd:nth-of-type(1) > div.rt-td:nth-of-type(2) css_source=metadata.robust_css
2026-03-18 08:45:33,538 INFO step_screenshot_saved test=test_tc3_webtables_first_row_verification step=I_heal_and_verify_the_first_row_last_name_is_one_of keyword=Then path=artifacts\screenshots\test_tc3_webtables_first_row_verification__step03__I_heal_and_verify_the_first_row_last_name_is_one_of.png
2026-03-18 08:45:33,755 INFO step_screenshot_saved test=test_tc3_webtables_first_row_verification step=trace_logs_should_contain_expected_healing_stages keyword=And path=artifacts\screenshots\test_tc3_webtables_first_row_verification__step04__trace_logs_should_contain_expected_healing_stages.png
2026-03-18 08:45:33,964 INFO screenshot_saved test=test_tc3_webtables_first_row_verification path=artifacts\screenshots\test_tc3_webtables_first_row_verification__final.png
2026-03-18 08:45:34,589 INFO video_saved test=test_tc3_webtables_first_row_verification path=artifacts\videos\test_tc3_webtables_first_row_verification.webm
