2026-03-18 08:48:35,626 INFO metadata_repository backend=DualMetadataRepository(primary=Postgres,fallback=Json)
2026-03-18 08:48:37,451 INFO browser_started framework=selenium browser=chrome headless=True binary=
2026-03-18 08:48:50,712 INFO db_operation backend=DualMetadataRepository operation=find status=ok details={'app_id': 'demo-qa-app', 'page_name': 'text_box', 'element_name': 'full_name', 'result': 'miss'}
2026-03-18 08:48:50,735 INFO db_operation backend=DualMetadataRepository operation=log_event status=ok details={'app_id': 'demo-qa-app', 'page_name': 'text_box', 'element_name': 'full_name', 'stage': 'recover_start'}
2026-03-18 08:48:52,768 INFO db_operation backend=DualMetadataRepository operation=log_event status=ok details={'app_id': 'demo-qa-app', 'page_name': 'text_box', 'element_name': 'full_name', 'stage': 'fallback'}
2026-03-18 08:48:53,582 INFO db_operation backend=DualMetadataRepository operation=log_event status=ok details={'app_id': 'demo-qa-app', 'page_name': 'text_box', 'element_name': 'full_name', 'stage': 'rules'}
2026-03-18 08:48:53,588 INFO db_operation backend=DualMetadataRepository operation=log_event status=ok details={'app_id': 'demo-qa-app', 'page_name': 'text_box', 'element_name': 'full_name', 'stage': 'rules'}
2026-03-18 08:48:53,594 INFO db_operation backend=DualMetadataRepository operation=log_event status=ok details={'app_id': 'demo-qa-app', 'page_name': 'text_box', 'element_name': 'full_name', 'stage': 'rules'}
2026-03-18 08:48:53,600 INFO db_operation backend=DualMetadataRepository operation=log_event status=ok details={'app_id': 'demo-qa-app', 'page_name': 'text_box', 'element_name': 'full_name', 'stage': 'rules'}
2026-03-18 08:48:53,606 INFO db_operation backend=DualMetadataRepository operation=log_event status=ok details={'app_id': 'demo-qa-app', 'page_name': 'text_box', 'element_name': 'full_name', 'stage': 'rules'}
2026-03-18 08:48:53,612 INFO db_operation backend=DualMetadataRepository operation=log_event status=ok details={'app_id': 'demo-qa-app', 'page_name': 'text_box', 'element_name': 'full_name', 'stage': 'rules'}
2026-03-18 08:48:56,485 INFO db_operation backend=DualMetadataRepository operation=upsert status=ok details={'app_id': 'demo-qa-app', 'page_name': 'text_box', 'element_name': 'full_name', 'field_type': 'textbox', 'success_count': 1, 'fail_count': 0}
2026-03-18 08:48:56,492 INFO db_operation backend=DualMetadataRepository operation=log_event status=ok details={'app_id': 'demo-qa-app', 'page_name': 'text_box', 'element_name': 'full_name', 'stage': 'recover_end'}
2026-03-18 08:48:56,693 INFO db_operation backend=DualMetadataRepository operation=find status=ok details={'app_id': 'demo-qa-app', 'page_name': 'text_box', 'element_name': 'email', 'result': 'miss'}
2026-03-18 08:48:56,702 INFO db_operation backend=DualMetadataRepository operation=log_event status=ok details={'app_id': 'demo-qa-app', 'page_name': 'text_box', 'element_name': 'email', 'stage': 'recover_start'}
2026-03-18 08:48:58,736 INFO db_operation backend=DualMetadataRepository operation=log_event status=ok details={'app_id': 'demo-qa-app', 'page_name': 'text_box', 'element_name': 'email', 'stage': 'fallback'}
2026-03-18 08:49:01,302 INFO db_operation backend=DualMetadataRepository operation=log_event status=ok details={'app_id': 'demo-qa-app', 'page_name': 'text_box', 'element_name': 'email', 'stage': 'rules'}
2026-03-18 08:49:01,312 INFO db_operation backend=DualMetadataRepository operation=log_event status=ok details={'app_id': 'demo-qa-app', 'page_name': 'text_box', 'element_name': 'email', 'stage': 'rules'}
2026-03-18 08:49:01,318 INFO db_operation backend=DualMetadataRepository operation=log_event status=ok details={'app_id': 'demo-qa-app', 'page_name': 'text_box', 'element_name': 'email', 'stage': 'rules'}
2026-03-18 08:49:01,324 INFO db_operation backend=DualMetadataRepository operation=log_event status=ok details={'app_id': 'demo-qa-app', 'page_name': 'text_box', 'element_name': 'email', 'stage': 'rules'}
2026-03-18 08:49:01,331 INFO db_operation backend=DualMetadataRepository operation=log_event status=ok details={'app_id': 'demo-qa-app', 'page_name': 'text_box', 'element_name': 'email', 'stage': 'rules'}
2026-03-18 08:49:01,338 INFO db_operation backend=DualMetadataRepository operation=log_event status=ok details={'app_id': 'demo-qa-app', 'page_name': 'text_box', 'element_name': 'email', 'stage': 'rules'}
2026-03-18 08:49:02,926 INFO db_operation backend=DualMetadataRepository operation=upsert status=ok details={'app_id': 'demo-qa-app', 'page_name': 'text_box', 'element_name': 'email', 'field_type': 'textbox', 'success_count': 1, 'fail_count': 0}
2026-03-18 08:49:02,932 INFO db_operation backend=DualMetadataRepository operation=log_event status=ok details={'app_id': 'demo-qa-app', 'page_name': 'text_box', 'element_name': 'email', 'stage': 'recover_end'}
2026-03-18 08:49:03,094 INFO db_operation backend=DualMetadataRepository operation=find status=ok details={'app_id': 'demo-qa-app', 'page_name': 'text_box', 'element_name': 'current_address', 'result': 'miss'}
2026-03-18 08:49:03,107 INFO db_operation backend=DualMetadataRepository operation=log_event status=ok details={'app_id': 'demo-qa-app', 'page_name': 'text_box', 'element_name': 'current_address', 'stage': 'recover_start'}
2026-03-18 08:49:05,175 INFO db_operation backend=DualMetadataRepository operation=log_event status=ok details={'app_id': 'demo-qa-app', 'page_name': 'text_box', 'element_name': 'current_address', 'stage': 'fallback'}
2026-03-18 08:49:11,646 INFO db_operation backend=DualMetadataRepository operation=log_event status=ok details={'app_id': 'demo-qa-app', 'page_name': 'text_box', 'element_name': 'current_address', 'stage': 'rules'}
2026-03-18 08:49:11,653 INFO db_operation backend=DualMetadataRepository operation=log_event status=ok details={'app_id': 'demo-qa-app', 'page_name': 'text_box', 'element_name': 'current_address', 'stage': 'rules'}
2026-03-18 08:49:11,660 INFO db_operation backend=DualMetadataRepository operation=log_event status=ok details={'app_id': 'demo-qa-app', 'page_name': 'text_box', 'element_name': 'current_address', 'stage': 'rules'}
2026-03-18 08:49:11,666 INFO db_operation backend=DualMetadataRepository operation=log_event status=ok details={'app_id': 'demo-qa-app', 'page_name': 'text_box', 'element_name': 'current_address', 'stage': 'rules'}
2026-03-18 08:49:11,674 INFO db_operation backend=DualMetadataRepository operation=log_event status=ok details={'app_id': 'demo-qa-app', 'page_name': 'text_box', 'element_name': 'current_address', 'stage': 'rules'}
2026-03-18 08:49:11,680 INFO db_operation backend=DualMetadataRepository operation=log_event status=ok details={'app_id': 'demo-qa-app', 'page_name': 'text_box', 'element_name': 'current_address', 'stage': 'rules'}
2026-03-18 08:49:12,642 INFO db_operation backend=DualMetadataRepository operation=upsert status=ok details={'app_id': 'demo-qa-app', 'page_name': 'text_box', 'element_name': 'current_address', 'field_type': 'textbox', 'success_count': 1, 'fail_count': 0}
2026-03-18 08:49:12,649 INFO db_operation backend=DualMetadataRepository operation=log_event status=ok details={'app_id': 'demo-qa-app', 'page_name': 'text_box', 'element_name': 'current_address', 'stage': 'recover_end'}
2026-03-18 08:49:12,810 INFO db_operation backend=DualMetadataRepository operation=find status=ok details={'app_id': 'demo-qa-app', 'page_name': 'text_box', 'element_name': 'permanent_address', 'result': 'miss'}
2026-03-18 08:49:12,823 INFO db_operation backend=DualMetadataRepository operation=log_event status=ok details={'app_id': 'demo-qa-app', 'page_name': 'text_box', 'element_name': 'permanent_address', 'stage': 'recover_start'}
2026-03-18 08:49:14,876 INFO db_operation backend=DualMetadataRepository operation=log_event status=ok details={'app_id': 'demo-qa-app', 'page_name': 'text_box', 'element_name': 'permanent_address', 'stage': 'fallback'}
2026-03-18 08:49:21,356 INFO db_operation backend=DualMetadataRepository operation=log_event status=ok details={'app_id': 'demo-qa-app', 'page_name': 'text_box', 'element_name': 'permanent_address', 'stage': 'rules'}
2026-03-18 08:49:21,363 INFO db_operation backend=DualMetadataRepository operation=log_event status=ok details={'app_id': 'demo-qa-app', 'page_name': 'text_box', 'element_name': 'permanent_address', 'stage': 'rules'}
2026-03-18 08:49:21,370 INFO db_operation backend=DualMetadataRepository operation=log_event status=ok details={'app_id': 'demo-qa-app', 'page_name': 'text_box', 'element_name': 'permanent_address', 'stage': 'rules'}
2026-03-18 08:49:21,377 INFO db_operation backend=DualMetadataRepository operation=log_event status=ok details={'app_id': 'demo-qa-app', 'page_name': 'text_box', 'element_name': 'permanent_address', 'stage': 'rules'}
2026-03-18 08:49:21,385 INFO db_operation backend=DualMetadataRepository operation=log_event status=ok details={'app_id': 'demo-qa-app', 'page_name': 'text_box', 'element_name': 'permanent_address', 'stage': 'rules'}
2026-03-18 08:49:21,391 INFO db_operation backend=DualMetadataRepository operation=log_event status=ok details={'app_id': 'demo-qa-app', 'page_name': 'text_box', 'element_name': 'permanent_address', 'stage': 'rules'}
2026-03-18 08:49:21,990 INFO db_operation backend=DualMetadataRepository operation=upsert status=ok details={'app_id': 'demo-qa-app', 'page_name': 'text_box', 'element_name': 'permanent_address', 'field_type': 'textbox', 'success_count': 1, 'fail_count': 0}
2026-03-18 08:49:21,997 INFO db_operation backend=DualMetadataRepository operation=log_event status=ok details={'app_id': 'demo-qa-app', 'page_name': 'text_box', 'element_name': 'permanent_address', 'stage': 'recover_end'}
2026-03-18 08:49:22,143 INFO db_operation backend=DualMetadataRepository operation=find status=ok details={'app_id': 'demo-qa-app', 'page_name': 'text_box', 'element_name': 'submit', 'result': 'miss'}
2026-03-18 08:49:22,156 INFO db_operation backend=DualMetadataRepository operation=log_event status=ok details={'app_id': 'demo-qa-app', 'page_name': 'text_box', 'element_name': 'submit', 'stage': 'recover_start'}
2026-03-18 08:49:24,236 INFO db_operation backend=DualMetadataRepository operation=log_event status=ok details={'app_id': 'demo-qa-app', 'page_name': 'text_box', 'element_name': 'submit', 'stage': 'fallback'}
2026-03-18 08:50:16,138 INFO db_operation backend=DualMetadataRepository operation=log_event status=ok details={'app_id': 'demo-qa-app', 'page_name': 'text_box', 'element_name': 'submit', 'stage': 'rules'}
2026-03-18 08:50:16,145 INFO db_operation backend=DualMetadataRepository operation=log_event status=ok details={'app_id': 'demo-qa-app', 'page_name': 'text_box', 'element_name': 'submit', 'stage': 'rules'}
2026-03-18 08:50:16,152 INFO db_operation backend=DualMetadataRepository operation=log_event status=ok details={'app_id': 'demo-qa-app', 'page_name': 'text_box', 'element_name': 'submit', 'stage': 'rules'}
2026-03-18 08:50:16,159 INFO db_operation backend=DualMetadataRepository operation=log_event status=ok details={'app_id': 'demo-qa-app', 'page_name': 'text_box', 'element_name': 'submit', 'stage': 'rules'}
2026-03-18 08:50:16,166 INFO db_operation backend=DualMetadataRepository operation=log_event status=ok details={'app_id': 'demo-qa-app', 'page_name': 'text_box', 'element_name': 'submit', 'stage': 'rules'}
2026-03-18 08:50:16,173 INFO db_operation backend=DualMetadataRepository operation=log_event status=ok details={'app_id': 'demo-qa-app', 'page_name': 'text_box', 'element_name': 'submit', 'stage': 'rules'}
2026-03-18 08:50:16,180 INFO db_operation backend=DualMetadataRepository operation=log_event status=ok details={'app_id': 'demo-qa-app', 'page_name': 'text_box', 'element_name': 'submit', 'stage': 'rules'}
2026-03-18 08:50:16,187 INFO db_operation backend=DualMetadataRepository operation=log_event status=ok details={'app_id': 'demo-qa-app', 'page_name': 'text_box', 'element_name': 'submit', 'stage': 'rules'}
2026-03-18 08:50:41,431 INFO db_operation backend=DualMetadataRepository operation=upsert status=ok details={'app_id': 'demo-qa-app', 'page_name': 'text_box', 'element_name': 'submit', 'field_type': 'button', 'success_count': 1, 'fail_count': 0}
2026-03-18 08:50:41,439 INFO db_operation backend=DualMetadataRepository operation=log_event status=ok details={'app_id': 'demo-qa-app', 'page_name': 'text_box', 'element_name': 'submit', 'stage': 'recover_end'}
2026-03-18 08:50:51,397 INFO browser_started framework=selenium browser=chrome headless=True binary=
2026-03-18 08:50:59,475 INFO db_operation backend=DualMetadataRepository operation=find status=ok details={'app_id': 'demo-qa-app', 'page_name': 'checkbox', 'element_name': 'home_checkbox_icon', 'result': 'miss'}
2026-03-18 08:50:59,483 INFO db_operation backend=DualMetadataRepository operation=log_event status=ok details={'app_id': 'demo-qa-app', 'page_name': 'checkbox', 'element_name': 'home_checkbox_icon', 'stage': 'recover_start'}
2026-03-18 08:51:01,545 INFO db_operation backend=DualMetadataRepository operation=log_event status=ok details={'app_id': 'demo-qa-app', 'page_name': 'checkbox', 'element_name': 'home_checkbox_icon', 'stage': 'fallback'}
2026-03-18 08:51:06,034 INFO db_operation backend=DualMetadataRepository operation=log_event status=ok details={'app_id': 'demo-qa-app', 'page_name': 'checkbox', 'element_name': 'home_checkbox_icon', 'stage': 'rules'}
2026-03-18 08:51:06,042 INFO db_operation backend=DualMetadataRepository operation=log_event status=ok details={'app_id': 'demo-qa-app', 'page_name': 'checkbox', 'element_name': 'home_checkbox_icon', 'stage': 'rules'}
2026-03-18 08:51:06,049 INFO db_operation backend=DualMetadataRepository operation=log_event status=ok details={'app_id': 'demo-qa-app', 'page_name': 'checkbox', 'element_name': 'home_checkbox_icon', 'stage': 'rules'}
2026-03-18 08:51:06,056 INFO db_operation backend=DualMetadataRepository operation=log_event status=ok details={'app_id': 'demo-qa-app', 'page_name': 'checkbox', 'element_name': 'home_checkbox_icon', 'stage': 'rules'}
2026-03-18 08:51:06,064 INFO db_operation backend=DualMetadataRepository operation=log_event status=ok details={'app_id': 'demo-qa-app', 'page_name': 'checkbox', 'element_name': 'home_checkbox_icon', 'stage': 'rules'}
2026-03-18 08:51:06,071 INFO db_operation backend=DualMetadataRepository operation=log_event status=ok details={'app_id': 'demo-qa-app', 'page_name': 'checkbox', 'element_name': 'home_checkbox_icon', 'stage': 'rules'}
2026-03-18 08:51:06,707 INFO db_operation backend=DualMetadataRepository operation=upsert status=ok details={'app_id': 'demo-qa-app', 'page_name': 'checkbox', 'element_name': 'home_checkbox_icon', 'field_type': 'checkbox', 'success_count': 1, 'fail_count': 0}
2026-03-18 08:51:06,715 INFO db_operation backend=DualMetadataRepository operation=log_event status=ok details={'app_id': 'demo-qa-app', 'page_name': 'checkbox', 'element_name': 'home_checkbox_icon', 'stage': 'recover_end'}
2026-03-18 08:51:07,933 INFO db_operation backend=DualMetadataRepository operation=find status=ok details={'app_id': 'demo-qa-app', 'page_name': 'webtables', 'element_name': 'row1_first_name', 'result': 'miss'}
2026-03-18 08:51:07,940 INFO db_operation backend=DualMetadataRepository operation=log_event status=ok details={'app_id': 'demo-qa-app', 'page_name': 'webtables', 'element_name': 'row1_first_name', 'stage': 'recover_start'}
2026-03-18 08:51:10,009 INFO db_operation backend=DualMetadataRepository operation=log_event status=ok details={'app_id': 'demo-qa-app', 'page_name': 'webtables', 'element_name': 'row1_first_name', 'stage': 'fallback'}
2026-03-18 08:51:10,106 INFO db_operation backend=DualMetadataRepository operation=log_event status=ok details={'app_id': 'demo-qa-app', 'page_name': 'webtables', 'element_name': 'row1_first_name', 'stage': 'rules'}
2026-03-18 08:51:10,137 INFO db_operation backend=DualMetadataRepository operation=get_page_index status=ok details={'app_id': 'demo-qa-app', 'page_name': 'webtables', 'result': 'miss'}
2026-03-18 08:51:10,560 INFO db_operation backend=DualMetadataRepository operation=upsert_page_index status=ok details={'app_id': 'demo-qa-app', 'page_name': 'webtables', 'element_count': 212, 'dom_hash': '6a22451dcbd6'}
2026-03-18 08:51:11,058 INFO db_operation backend=DualMetadataRepository operation=log_event status=ok details={'app_id': 'demo-qa-app', 'page_name': 'webtables', 'element_name': 'row1_first_name', 'stage': 'page_index_lookup'}
2026-03-18 08:51:11,461 INFO db_operation backend=DualMetadataRepository operation=log_event status=ok details={'app_id': 'demo-qa-app', 'page_name': 'webtables', 'element_name': 'row1_first_name', 'stage': 'page_index'}
2026-03-18 08:51:11,468 INFO db_operation backend=DualMetadataRepository operation=log_event status=ok details={'app_id': 'demo-qa-app', 'page_name': 'webtables', 'element_name': 'row1_first_name', 'stage': 'page_index'}
2026-03-18 08:51:11,475 INFO db_operation backend=DualMetadataRepository operation=log_event status=ok details={'app_id': 'demo-qa-app', 'page_name': 'webtables', 'element_name': 'row1_first_name', 'stage': 'page_index'}
2026-03-18 08:51:11,482 INFO db_operation backend=DualMetadataRepository operation=log_event status=ok details={'app_id': 'demo-qa-app', 'page_name': 'webtables', 'element_name': 'row1_first_name', 'stage': 'page_index'}
2026-03-18 08:51:11,489 INFO db_operation backend=DualMetadataRepository operation=log_event status=ok details={'app_id': 'demo-qa-app', 'page_name': 'webtables', 'element_name': 'row1_first_name', 'stage': 'page_index'}
2026-03-18 08:51:12,060 INFO db_operation backend=DualMetadataRepository operation=upsert status=ok details={'app_id': 'demo-qa-app', 'page_name': 'webtables', 'element_name': 'row1_first_name', 'field_type': 'text', 'success_count': 1, 'fail_count': 0}
2026-03-18 08:51:12,066 INFO db_operation backend=DualMetadataRepository operation=log_event status=ok details={'app_id': 'demo-qa-app', 'page_name': 'webtables', 'element_name': 'row1_first_name', 'stage': 'recover_end'}
2026-03-18 08:51:12,159 INFO db_operation backend=DualMetadataRepository operation=find status=ok details={'app_id': 'demo-qa-app', 'page_name': 'webtables', 'element_name': 'row1_last_name_veha', 'result': 'miss'}
2026-03-18 08:51:12,165 INFO db_operation backend=DualMetadataRepository operation=log_event status=ok details={'app_id': 'demo-qa-app', 'page_name': 'webtables', 'element_name': 'row1_last_name_veha', 'stage': 'recover_start'}
2026-03-18 08:51:14,231 INFO db_operation backend=DualMetadataRepository operation=log_event status=ok details={'app_id': 'demo-qa-app', 'page_name': 'webtables', 'element_name': 'row1_last_name_veha', 'stage': 'fallback'}
2026-03-18 08:51:16,304 INFO db_operation backend=DualMetadataRepository operation=log_event status=ok details={'app_id': 'demo-qa-app', 'page_name': 'webtables', 'element_name': 'row1_last_name_veha', 'stage': 'rules'}
2026-03-18 08:51:16,324 INFO db_operation backend=DualMetadataRepository operation=get_page_index status=ok details={'app_id': 'demo-qa-app', 'page_name': 'webtables', 'result': 'hit'}
2026-03-18 08:51:16,872 INFO db_operation backend=DualMetadataRepository operation=log_event status=ok details={'app_id': 'demo-qa-app', 'page_name': 'webtables', 'element_name': 'row1_last_name_veha', 'stage': 'page_index_lookup'}
2026-03-18 08:51:17,248 INFO db_operation backend=DualMetadataRepository operation=log_event status=ok details={'app_id': 'demo-qa-app', 'page_name': 'webtables', 'element_name': 'row1_last_name_veha', 'stage': 'page_index'}
2026-03-18 08:51:17,256 INFO db_operation backend=DualMetadataRepository operation=log_event status=ok details={'app_id': 'demo-qa-app', 'page_name': 'webtables', 'element_name': 'row1_last_name_veha', 'stage': 'page_index'}
2026-03-18 08:51:17,263 INFO db_operation backend=DualMetadataRepository operation=log_event status=ok details={'app_id': 'demo-qa-app', 'page_name': 'webtables', 'element_name': 'row1_last_name_veha', 'stage': 'page_index'}
2026-03-18 08:51:17,270 INFO db_operation backend=DualMetadataRepository operation=log_event status=ok details={'app_id': 'demo-qa-app', 'page_name': 'webtables', 'element_name': 'row1_last_name_veha', 'stage': 'page_index'}
2026-03-18 08:51:17,276 INFO db_operation backend=DualMetadataRepository operation=log_event status=ok details={'app_id': 'demo-qa-app', 'page_name': 'webtables', 'element_name': 'row1_last_name_veha', 'stage': 'page_index'}
2026-03-18 08:51:23,425 INFO db_operation backend=DualMetadataRepository operation=log_event status=ok details={'app_id': 'demo-qa-app', 'page_name': 'webtables', 'element_name': 'row1_last_name_veha', 'stage': 'defaults'}
2026-03-18 08:51:23,431 INFO db_operation backend=DualMetadataRepository operation=log_event status=ok details={'app_id': 'demo-qa-app', 'page_name': 'webtables', 'element_name': 'row1_last_name_veha', 'stage': 'defaults'}
2026-03-18 08:51:23,438 INFO db_operation backend=DualMetadataRepository operation=log_event status=ok details={'app_id': 'demo-qa-app', 'page_name': 'webtables', 'element_name': 'row1_last_name_veha', 'stage': 'defaults'}
2026-03-18 08:51:23,678 INFO db_operation backend=DualMetadataRepository operation=log_event status=ok details={'app_id': 'demo-qa-app', 'page_name': 'webtables', 'element_name': 'row1_last_name_veha', 'stage': 'position'}
2026-03-18 08:51:26,996 INFO db_operation backend=DualMetadataRepository operation=log_event status=ok details={'app_id': 'demo-qa-app', 'page_name': 'webtables', 'element_name': 'row1_last_name_veha', 'stage': 'rag_context'}
2026-03-18 08:51:27,094 INFO db_operation backend=DualMetadataRepository operation=log_event status=ok details={'app_id': 'demo-qa-app', 'page_name': 'webtables', 'element_name': 'row1_last_name_veha', 'stage': 'rag'}
2026-03-18 08:51:27,100 INFO db_operation backend=DualMetadataRepository operation=log_event status=ok details={'app_id': 'demo-qa-app', 'page_name': 'webtables', 'element_name': 'row1_last_name_veha', 'stage': 'rag_retry'}
2026-03-18 08:51:30,046 INFO db_operation backend=DualMetadataRepository operation=log_event status=ok details={'app_id': 'demo-qa-app', 'page_name': 'webtables', 'element_name': 'row1_last_name_veha', 'stage': 'rag_context'}
2026-03-18 08:51:30,140 INFO db_operation backend=DualMetadataRepository operation=log_event status=ok details={'app_id': 'demo-qa-app', 'page_name': 'webtables', 'element_name': 'row1_last_name_veha', 'stage': 'rag'}
2026-03-18 08:51:30,147 INFO db_operation backend=DualMetadataRepository operation=log_event status=ok details={'app_id': 'demo-qa-app', 'page_name': 'webtables', 'element_name': 'row1_last_name_veha', 'stage': 'rag_hallucination'}
2026-03-18 08:51:30,153 INFO db_operation backend=DualMetadataRepository operation=log_event status=ok details={'app_id': 'demo-qa-app', 'page_name': 'webtables', 'element_name': 'row1_last_name_veha', 'stage': 'recover_end'}
2026-03-18 08:51:30,163 INFO db_operation backend=DualMetadataRepository operation=find status=ok details={'app_id': 'demo-qa-app', 'page_name': 'webtables', 'element_name': 'row1_last_name_vega', 'result': 'miss'}
2026-03-18 08:51:30,169 INFO db_operation backend=DualMetadataRepository operation=log_event status=ok details={'app_id': 'demo-qa-app', 'page_name': 'webtables', 'element_name': 'row1_last_name_vega', 'stage': 'recover_start'}
2026-03-18 08:51:32,250 INFO db_operation backend=DualMetadataRepository operation=log_event status=ok details={'app_id': 'demo-qa-app', 'page_name': 'webtables', 'element_name': 'row1_last_name_vega', 'stage': 'fallback'}
2026-03-18 08:51:32,344 INFO db_operation backend=DualMetadataRepository operation=log_event status=ok details={'app_id': 'demo-qa-app', 'page_name': 'webtables', 'element_name': 'row1_last_name_vega', 'stage': 'rules'}
2026-03-18 08:51:32,359 INFO db_operation backend=DualMetadataRepository operation=get_page_index status=ok details={'app_id': 'demo-qa-app', 'page_name': 'webtables', 'result': 'hit'}
2026-03-18 08:51:32,813 INFO db_operation backend=DualMetadataRepository operation=log_event status=ok details={'app_id': 'demo-qa-app', 'page_name': 'webtables', 'element_name': 'row1_last_name_vega', 'stage': 'page_index_lookup'}
2026-03-18 08:51:33,167 INFO db_operation backend=DualMetadataRepository operation=log_event status=ok details={'app_id': 'demo-qa-app', 'page_name': 'webtables', 'element_name': 'row1_last_name_vega', 'stage': 'page_index'}
2026-03-18 08:51:33,173 INFO db_operation backend=DualMetadataRepository operation=log_event status=ok details={'app_id': 'demo-qa-app', 'page_name': 'webtables', 'element_name': 'row1_last_name_vega', 'stage': 'page_index'}
2026-03-18 08:51:33,180 INFO db_operation backend=DualMetadataRepository operation=log_event status=ok details={'app_id': 'demo-qa-app', 'page_name': 'webtables', 'element_name': 'row1_last_name_vega', 'stage': 'page_index'}
2026-03-18 08:51:33,185 INFO db_operation backend=DualMetadataRepository operation=log_event status=ok details={'app_id': 'demo-qa-app', 'page_name': 'webtables', 'element_name': 'row1_last_name_vega', 'stage': 'page_index'}
2026-03-18 08:51:33,192 INFO db_operation backend=DualMetadataRepository operation=log_event status=ok details={'app_id': 'demo-qa-app', 'page_name': 'webtables', 'element_name': 'row1_last_name_vega', 'stage': 'page_index'}
2026-03-18 08:51:33,413 INFO db_operation backend=DualMetadataRepository operation=log_event status=ok details={'app_id': 'demo-qa-app', 'page_name': 'webtables', 'element_name': 'row1_last_name_vega', 'stage': 'defaults'}
2026-03-18 08:51:33,419 INFO db_operation backend=DualMetadataRepository operation=log_event status=ok details={'app_id': 'demo-qa-app', 'page_name': 'webtables', 'element_name': 'row1_last_name_vega', 'stage': 'defaults'}
2026-03-18 08:51:33,425 INFO db_operation backend=DualMetadataRepository operation=log_event status=ok details={'app_id': 'demo-qa-app', 'page_name': 'webtables', 'element_name': 'row1_last_name_vega', 'stage': 'defaults'}
2026-03-18 08:51:34,301 INFO db_operation backend=DualMetadataRepository operation=upsert status=ok details={'app_id': 'demo-qa-app', 'page_name': 'webtables', 'element_name': 'row1_last_name_vega', 'field_type': 'text', 'success_count': 1, 'fail_count': 0}
2026-03-18 08:51:34,311 INFO db_operation backend=DualMetadataRepository operation=log_event status=ok details={'app_id': 'demo-qa-app', 'page_name': 'webtables', 'element_name': 'row1_last_name_vega', 'stage': 'recover_end'}
2026-03-18 08:51:38,011 INFO browser_started framework=selenium browser=chrome headless=True binary=
