2026-03-18 07:08:27,106 INFO metadata_repository backend=DualMetadataRepository(primary=Postgres,fallback=Json)
2026-03-18 07:08:28,172 INFO browser_started framework=selenium browser=chrome headless=True binary=
2026-03-18 07:08:35,108 INFO db_operation backend=DualMetadataRepository operation=find status=ok details={'app_id': 'demo-qa-app', 'page_name': 'text_box', 'element_name': 'full_name', 'result': 'miss'}
2026-03-18 07:08:35,133 INFO db_operation backend=DualMetadataRepository operation=log_event status=ok details={'app_id': 'demo-qa-app', 'page_name': 'text_box', 'element_name': 'full_name', 'stage': 'recover_start'}
2026-03-18 07:08:37,172 INFO db_operation backend=DualMetadataRepository operation=log_event status=ok details={'app_id': 'demo-qa-app', 'page_name': 'text_box', 'element_name': 'full_name', 'stage': 'fallback'}
2026-03-18 07:08:37,749 INFO db_operation backend=DualMetadataRepository operation=log_event status=ok details={'app_id': 'demo-qa-app', 'page_name': 'text_box', 'element_name': 'full_name', 'stage': 'rules'}
2026-03-18 07:08:37,756 INFO db_operation backend=DualMetadataRepository operation=log_event status=ok details={'app_id': 'demo-qa-app', 'page_name': 'text_box', 'element_name': 'full_name', 'stage': 'rules'}
2026-03-18 07:08:37,762 INFO db_operation backend=DualMetadataRepository operation=log_event status=ok details={'app_id': 'demo-qa-app', 'page_name': 'text_box', 'element_name': 'full_name', 'stage': 'rules'}
2026-03-18 07:08:37,769 INFO db_operation backend=DualMetadataRepository operation=log_event status=ok details={'app_id': 'demo-qa-app', 'page_name': 'text_box', 'element_name': 'full_name', 'stage': 'rules'}
2026-03-18 07:08:37,776 INFO db_operation backend=DualMetadataRepository operation=log_event status=ok details={'app_id': 'demo-qa-app', 'page_name': 'text_box', 'element_name': 'full_name', 'stage': 'rules'}
2026-03-18 07:08:37,784 INFO db_operation backend=DualMetadataRepository operation=log_event status=ok details={'app_id': 'demo-qa-app', 'page_name': 'text_box', 'element_name': 'full_name', 'stage': 'rules'}
2026-03-18 07:08:40,465 INFO db_operation backend=DualMetadataRepository operation=upsert status=ok details={'app_id': 'demo-qa-app', 'page_name': 'text_box', 'element_name': 'full_name', 'field_type': 'textbox', 'success_count': 1, 'fail_count': 0}
2026-03-18 07:08:40,471 INFO db_operation backend=DualMetadataRepository operation=log_event status=ok details={'app_id': 'demo-qa-app', 'page_name': 'text_box', 'element_name': 'full_name', 'stage': 'recover_end'}
2026-03-18 07:08:40,659 INFO db_operation backend=DualMetadataRepository operation=find status=ok details={'app_id': 'demo-qa-app', 'page_name': 'text_box', 'element_name': 'email', 'result': 'miss'}
2026-03-18 07:08:40,666 INFO db_operation backend=DualMetadataRepository operation=log_event status=ok details={'app_id': 'demo-qa-app', 'page_name': 'text_box', 'element_name': 'email', 'stage': 'recover_start'}
2026-03-18 07:08:42,730 INFO db_operation backend=DualMetadataRepository operation=log_event status=ok details={'app_id': 'demo-qa-app', 'page_name': 'text_box', 'element_name': 'email', 'stage': 'fallback'}
2026-03-18 07:08:45,253 INFO db_operation backend=DualMetadataRepository operation=log_event status=ok details={'app_id': 'demo-qa-app', 'page_name': 'text_box', 'element_name': 'email', 'stage': 'rules'}
2026-03-18 07:08:45,262 INFO db_operation backend=DualMetadataRepository operation=log_event status=ok details={'app_id': 'demo-qa-app', 'page_name': 'text_box', 'element_name': 'email', 'stage': 'rules'}
2026-03-18 07:08:45,267 INFO db_operation backend=DualMetadataRepository operation=log_event status=ok details={'app_id': 'demo-qa-app', 'page_name': 'text_box', 'element_name': 'email', 'stage': 'rules'}
2026-03-18 07:08:45,274 INFO db_operation backend=DualMetadataRepository operation=log_event status=ok details={'app_id': 'demo-qa-app', 'page_name': 'text_box', 'element_name': 'email', 'stage': 'rules'}
2026-03-18 07:08:45,279 INFO db_operation backend=DualMetadataRepository operation=log_event status=ok details={'app_id': 'demo-qa-app', 'page_name': 'text_box', 'element_name': 'email', 'stage': 'rules'}
2026-03-18 07:08:45,285 INFO db_operation backend=DualMetadataRepository operation=log_event status=ok details={'app_id': 'demo-qa-app', 'page_name': 'text_box', 'element_name': 'email', 'stage': 'rules'}
2026-03-18 07:08:46,661 INFO db_operation backend=DualMetadataRepository operation=upsert status=ok details={'app_id': 'demo-qa-app', 'page_name': 'text_box', 'element_name': 'email', 'field_type': 'textbox', 'success_count': 1, 'fail_count': 0}
2026-03-18 07:08:46,668 INFO db_operation backend=DualMetadataRepository operation=log_event status=ok details={'app_id': 'demo-qa-app', 'page_name': 'text_box', 'element_name': 'email', 'stage': 'recover_end'}
2026-03-18 07:08:46,879 INFO db_operation backend=DualMetadataRepository operation=find status=ok details={'app_id': 'demo-qa-app', 'page_name': 'text_box', 'element_name': 'current_address', 'result': 'miss'}
2026-03-18 07:08:46,892 INFO db_operation backend=DualMetadataRepository operation=log_event status=ok details={'app_id': 'demo-qa-app', 'page_name': 'text_box', 'element_name': 'current_address', 'stage': 'recover_start'}
2026-03-18 07:08:48,946 INFO db_operation backend=DualMetadataRepository operation=log_event status=ok details={'app_id': 'demo-qa-app', 'page_name': 'text_box', 'element_name': 'current_address', 'stage': 'fallback'}
2026-03-18 07:08:55,315 INFO db_operation backend=DualMetadataRepository operation=log_event status=ok details={'app_id': 'demo-qa-app', 'page_name': 'text_box', 'element_name': 'current_address', 'stage': 'rules'}
2026-03-18 07:08:55,322 INFO db_operation backend=DualMetadataRepository operation=log_event status=ok details={'app_id': 'demo-qa-app', 'page_name': 'text_box', 'element_name': 'current_address', 'stage': 'rules'}
2026-03-18 07:08:55,328 INFO db_operation backend=DualMetadataRepository operation=log_event status=ok details={'app_id': 'demo-qa-app', 'page_name': 'text_box', 'element_name': 'current_address', 'stage': 'rules'}
2026-03-18 07:08:55,333 INFO db_operation backend=DualMetadataRepository operation=log_event status=ok details={'app_id': 'demo-qa-app', 'page_name': 'text_box', 'element_name': 'current_address', 'stage': 'rules'}
2026-03-18 07:08:55,340 INFO db_operation backend=DualMetadataRepository operation=log_event status=ok details={'app_id': 'demo-qa-app', 'page_name': 'text_box', 'element_name': 'current_address', 'stage': 'rules'}
2026-03-18 07:08:55,345 INFO db_operation backend=DualMetadataRepository operation=log_event status=ok details={'app_id': 'demo-qa-app', 'page_name': 'text_box', 'element_name': 'current_address', 'stage': 'rules'}
2026-03-18 07:08:55,769 INFO db_operation backend=DualMetadataRepository operation=upsert status=ok details={'app_id': 'demo-qa-app', 'page_name': 'text_box', 'element_name': 'current_address', 'field_type': 'textbox', 'success_count': 1, 'fail_count': 0}
2026-03-18 07:08:55,776 INFO db_operation backend=DualMetadataRepository operation=log_event status=ok details={'app_id': 'demo-qa-app', 'page_name': 'text_box', 'element_name': 'current_address', 'stage': 'recover_end'}
2026-03-18 07:08:55,913 INFO db_operation backend=DualMetadataRepository operation=find status=ok details={'app_id': 'demo-qa-app', 'page_name': 'text_box', 'element_name': 'permanent_address', 'result': 'miss'}
2026-03-18 07:08:55,926 INFO db_operation backend=DualMetadataRepository operation=log_event status=ok details={'app_id': 'demo-qa-app', 'page_name': 'text_box', 'element_name': 'permanent_address', 'stage': 'recover_start'}
2026-03-18 07:08:58,007 INFO db_operation backend=DualMetadataRepository operation=log_event status=ok details={'app_id': 'demo-qa-app', 'page_name': 'text_box', 'element_name': 'permanent_address', 'stage': 'fallback'}
2026-03-18 07:09:04,359 INFO db_operation backend=DualMetadataRepository operation=log_event status=ok details={'app_id': 'demo-qa-app', 'page_name': 'text_box', 'element_name': 'permanent_address', 'stage': 'rules'}
2026-03-18 07:09:04,364 INFO db_operation backend=DualMetadataRepository operation=log_event status=ok details={'app_id': 'demo-qa-app', 'page_name': 'text_box', 'element_name': 'permanent_address', 'stage': 'rules'}
2026-03-18 07:09:04,370 INFO db_operation backend=DualMetadataRepository operation=log_event status=ok details={'app_id': 'demo-qa-app', 'page_name': 'text_box', 'element_name': 'permanent_address', 'stage': 'rules'}
2026-03-18 07:09:04,375 INFO db_operation backend=DualMetadataRepository operation=log_event status=ok details={'app_id': 'demo-qa-app', 'page_name': 'text_box', 'element_name': 'permanent_address', 'stage': 'rules'}
2026-03-18 07:09:04,382 INFO db_operation backend=DualMetadataRepository operation=log_event status=ok details={'app_id': 'demo-qa-app', 'page_name': 'text_box', 'element_name': 'permanent_address', 'stage': 'rules'}
2026-03-18 07:09:04,387 INFO db_operation backend=DualMetadataRepository operation=log_event status=ok details={'app_id': 'demo-qa-app', 'page_name': 'text_box', 'element_name': 'permanent_address', 'stage': 'rules'}
2026-03-18 07:09:04,788 INFO db_operation backend=DualMetadataRepository operation=upsert status=ok details={'app_id': 'demo-qa-app', 'page_name': 'text_box', 'element_name': 'permanent_address', 'field_type': 'textbox', 'success_count': 1, 'fail_count': 0}
2026-03-18 07:09:04,794 INFO db_operation backend=DualMetadataRepository operation=log_event status=ok details={'app_id': 'demo-qa-app', 'page_name': 'text_box', 'element_name': 'permanent_address', 'stage': 'recover_end'}
2026-03-18 07:09:04,921 INFO db_operation backend=DualMetadataRepository operation=find status=ok details={'app_id': 'demo-qa-app', 'page_name': 'text_box', 'element_name': 'submit', 'result': 'miss'}
2026-03-18 07:09:04,929 INFO db_operation backend=DualMetadataRepository operation=log_event status=ok details={'app_id': 'demo-qa-app', 'page_name': 'text_box', 'element_name': 'submit', 'stage': 'recover_start'}
2026-03-18 07:09:06,956 INFO db_operation backend=DualMetadataRepository operation=log_event status=ok details={'app_id': 'demo-qa-app', 'page_name': 'text_box', 'element_name': 'submit', 'stage': 'fallback'}
2026-03-18 07:09:58,742 INFO db_operation backend=DualMetadataRepository operation=log_event status=ok details={'app_id': 'demo-qa-app', 'page_name': 'text_box', 'element_name': 'submit', 'stage': 'rules'}
2026-03-18 07:09:58,748 INFO db_operation backend=DualMetadataRepository operation=log_event status=ok details={'app_id': 'demo-qa-app', 'page_name': 'text_box', 'element_name': 'submit', 'stage': 'rules'}
2026-03-18 07:09:58,754 INFO db_operation backend=DualMetadataRepository operation=log_event status=ok details={'app_id': 'demo-qa-app', 'page_name': 'text_box', 'element_name': 'submit', 'stage': 'rules'}
2026-03-18 07:09:58,759 INFO db_operation backend=DualMetadataRepository operation=log_event status=ok details={'app_id': 'demo-qa-app', 'page_name': 'text_box', 'element_name': 'submit', 'stage': 'rules'}
2026-03-18 07:09:58,766 INFO db_operation backend=DualMetadataRepository operation=log_event status=ok details={'app_id': 'demo-qa-app', 'page_name': 'text_box', 'element_name': 'submit', 'stage': 'rules'}
2026-03-18 07:09:58,771 INFO db_operation backend=DualMetadataRepository operation=log_event status=ok details={'app_id': 'demo-qa-app', 'page_name': 'text_box', 'element_name': 'submit', 'stage': 'rules'}
2026-03-18 07:09:58,779 INFO db_operation backend=DualMetadataRepository operation=log_event status=ok details={'app_id': 'demo-qa-app', 'page_name': 'text_box', 'element_name': 'submit', 'stage': 'rules'}
2026-03-18 07:09:58,785 INFO db_operation backend=DualMetadataRepository operation=log_event status=ok details={'app_id': 'demo-qa-app', 'page_name': 'text_box', 'element_name': 'submit', 'stage': 'rules'}
2026-03-18 07:10:23,879 INFO db_operation backend=DualMetadataRepository operation=upsert status=ok details={'app_id': 'demo-qa-app', 'page_name': 'text_box', 'element_name': 'submit', 'field_type': 'button', 'success_count': 1, 'fail_count': 0}
2026-03-18 07:10:23,884 INFO db_operation backend=DualMetadataRepository operation=log_event status=ok details={'app_id': 'demo-qa-app', 'page_name': 'text_box', 'element_name': 'submit', 'stage': 'recover_end'}
2026-03-18 07:10:33,681 INFO browser_started framework=selenium browser=chrome headless=True binary=
2026-03-18 07:10:38,463 INFO db_operation backend=DualMetadataRepository operation=find status=ok details={'app_id': 'demo-qa-app', 'page_name': 'checkbox', 'element_name': 'home_checkbox_icon', 'result': 'miss'}
2026-03-18 07:10:38,470 INFO db_operation backend=DualMetadataRepository operation=log_event status=ok details={'app_id': 'demo-qa-app', 'page_name': 'checkbox', 'element_name': 'home_checkbox_icon', 'stage': 'recover_start'}
2026-03-18 07:10:40,492 INFO db_operation backend=DualMetadataRepository operation=log_event status=ok details={'app_id': 'demo-qa-app', 'page_name': 'checkbox', 'element_name': 'home_checkbox_icon', 'stage': 'fallback'}
2026-03-18 07:10:44,906 INFO db_operation backend=DualMetadataRepository operation=log_event status=ok details={'app_id': 'demo-qa-app', 'page_name': 'checkbox', 'element_name': 'home_checkbox_icon', 'stage': 'rules'}
2026-03-18 07:10:44,915 INFO db_operation backend=DualMetadataRepository operation=log_event status=ok details={'app_id': 'demo-qa-app', 'page_name': 'checkbox', 'element_name': 'home_checkbox_icon', 'stage': 'rules'}
2026-03-18 07:10:44,923 INFO db_operation backend=DualMetadataRepository operation=log_event status=ok details={'app_id': 'demo-qa-app', 'page_name': 'checkbox', 'element_name': 'home_checkbox_icon', 'stage': 'rules'}
2026-03-18 07:10:44,931 INFO db_operation backend=DualMetadataRepository operation=log_event status=ok details={'app_id': 'demo-qa-app', 'page_name': 'checkbox', 'element_name': 'home_checkbox_icon', 'stage': 'rules'}
2026-03-18 07:10:44,938 INFO db_operation backend=DualMetadataRepository operation=log_event status=ok details={'app_id': 'demo-qa-app', 'page_name': 'checkbox', 'element_name': 'home_checkbox_icon', 'stage': 'rules'}
2026-03-18 07:10:44,946 INFO db_operation backend=DualMetadataRepository operation=log_event status=ok details={'app_id': 'demo-qa-app', 'page_name': 'checkbox', 'element_name': 'home_checkbox_icon', 'stage': 'rules'}
2026-03-18 07:10:45,638 INFO db_operation backend=DualMetadataRepository operation=upsert status=ok details={'app_id': 'demo-qa-app', 'page_name': 'checkbox', 'element_name': 'home_checkbox_icon', 'field_type': 'checkbox', 'success_count': 1, 'fail_count': 0}
2026-03-18 07:10:45,644 INFO db_operation backend=DualMetadataRepository operation=log_event status=ok details={'app_id': 'demo-qa-app', 'page_name': 'checkbox', 'element_name': 'home_checkbox_icon', 'stage': 'recover_end'}
2026-03-18 07:10:46,765 INFO db_operation backend=DualMetadataRepository operation=find status=ok details={'app_id': 'demo-qa-app', 'page_name': 'webtables', 'element_name': 'row1_first_name', 'result': 'miss'}
2026-03-18 07:10:46,771 INFO db_operation backend=DualMetadataRepository operation=log_event status=ok details={'app_id': 'demo-qa-app', 'page_name': 'webtables', 'element_name': 'row1_first_name', 'stage': 'recover_start'}
2026-03-18 07:10:48,860 INFO db_operation backend=DualMetadataRepository operation=log_event status=ok details={'app_id': 'demo-qa-app', 'page_name': 'webtables', 'element_name': 'row1_first_name', 'stage': 'fallback'}
2026-03-18 07:10:48,924 INFO db_operation backend=DualMetadataRepository operation=log_event status=ok details={'app_id': 'demo-qa-app', 'page_name': 'webtables', 'element_name': 'row1_first_name', 'stage': 'rules'}
2026-03-18 07:10:48,945 INFO db_operation backend=DualMetadataRepository operation=get_page_index status=ok details={'app_id': 'demo-qa-app', 'page_name': 'webtables', 'result': 'miss'}
2026-03-18 07:10:49,278 INFO db_operation backend=DualMetadataRepository operation=upsert_page_index status=ok details={'app_id': 'demo-qa-app', 'page_name': 'webtables', 'element_count': 212, 'dom_hash': '5f29a255093a'}
2026-03-18 07:10:49,561 INFO db_operation backend=DualMetadataRepository operation=log_event status=ok details={'app_id': 'demo-qa-app', 'page_name': 'webtables', 'element_name': 'row1_first_name', 'stage': 'page_index_lookup'}
2026-03-18 07:10:49,897 INFO db_operation backend=DualMetadataRepository operation=log_event status=ok details={'app_id': 'demo-qa-app', 'page_name': 'webtables', 'element_name': 'row1_first_name', 'stage': 'page_index'}
2026-03-18 07:10:49,902 INFO db_operation backend=DualMetadataRepository operation=log_event status=ok details={'app_id': 'demo-qa-app', 'page_name': 'webtables', 'element_name': 'row1_first_name', 'stage': 'page_index'}
2026-03-18 07:10:49,907 INFO db_operation backend=DualMetadataRepository operation=log_event status=ok details={'app_id': 'demo-qa-app', 'page_name': 'webtables', 'element_name': 'row1_first_name', 'stage': 'page_index'}
2026-03-18 07:10:49,912 INFO db_operation backend=DualMetadataRepository operation=log_event status=ok details={'app_id': 'demo-qa-app', 'page_name': 'webtables', 'element_name': 'row1_first_name', 'stage': 'page_index'}
2026-03-18 07:10:49,916 INFO db_operation backend=DualMetadataRepository operation=log_event status=ok details={'app_id': 'demo-qa-app', 'page_name': 'webtables', 'element_name': 'row1_first_name', 'stage': 'page_index'}
2026-03-18 07:10:50,319 INFO db_operation backend=DualMetadataRepository operation=upsert status=ok details={'app_id': 'demo-qa-app', 'page_name': 'webtables', 'element_name': 'row1_first_name', 'field_type': 'text', 'success_count': 1, 'fail_count': 0}
2026-03-18 07:10:50,324 INFO db_operation backend=DualMetadataRepository operation=log_event status=ok details={'app_id': 'demo-qa-app', 'page_name': 'webtables', 'element_name': 'row1_first_name', 'stage': 'recover_end'}
2026-03-18 07:10:50,382 INFO db_operation backend=DualMetadataRepository operation=find status=ok details={'app_id': 'demo-qa-app', 'page_name': 'webtables', 'element_name': 'row1_last_name_veha', 'result': 'miss'}
2026-03-18 07:10:50,388 INFO db_operation backend=DualMetadataRepository operation=log_event status=ok details={'app_id': 'demo-qa-app', 'page_name': 'webtables', 'element_name': 'row1_last_name_veha', 'stage': 'recover_start'}
2026-03-18 07:10:52,475 INFO db_operation backend=DualMetadataRepository operation=log_event status=ok details={'app_id': 'demo-qa-app', 'page_name': 'webtables', 'element_name': 'row1_last_name_veha', 'stage': 'fallback'}
2026-03-18 07:10:54,527 INFO db_operation backend=DualMetadataRepository operation=log_event status=ok details={'app_id': 'demo-qa-app', 'page_name': 'webtables', 'element_name': 'row1_last_name_veha', 'stage': 'rules'}
2026-03-18 07:10:54,540 INFO db_operation backend=DualMetadataRepository operation=get_page_index status=ok details={'app_id': 'demo-qa-app', 'page_name': 'webtables', 'result': 'hit'}
2026-03-18 07:10:54,815 INFO db_operation backend=DualMetadataRepository operation=log_event status=ok details={'app_id': 'demo-qa-app', 'page_name': 'webtables', 'element_name': 'row1_last_name_veha', 'stage': 'page_index_lookup'}
2026-03-18 07:10:55,105 INFO db_operation backend=DualMetadataRepository operation=log_event status=ok details={'app_id': 'demo-qa-app', 'page_name': 'webtables', 'element_name': 'row1_last_name_veha', 'stage': 'page_index'}
2026-03-18 07:10:55,112 INFO db_operation backend=DualMetadataRepository operation=log_event status=ok details={'app_id': 'demo-qa-app', 'page_name': 'webtables', 'element_name': 'row1_last_name_veha', 'stage': 'page_index'}
2026-03-18 07:10:55,117 INFO db_operation backend=DualMetadataRepository operation=log_event status=ok details={'app_id': 'demo-qa-app', 'page_name': 'webtables', 'element_name': 'row1_last_name_veha', 'stage': 'page_index'}
2026-03-18 07:10:55,123 INFO db_operation backend=DualMetadataRepository operation=log_event status=ok details={'app_id': 'demo-qa-app', 'page_name': 'webtables', 'element_name': 'row1_last_name_veha', 'stage': 'page_index'}
2026-03-18 07:10:55,129 INFO db_operation backend=DualMetadataRepository operation=log_event status=ok details={'app_id': 'demo-qa-app', 'page_name': 'webtables', 'element_name': 'row1_last_name_veha', 'stage': 'page_index'}
2026-03-18 07:10:57,235 INFO db_operation backend=DualMetadataRepository operation=log_event status=ok details={'app_id': 'demo-qa-app', 'page_name': 'webtables', 'element_name': 'row1_last_name_veha', 'stage': 'defaults'}
2026-03-18 07:10:57,242 INFO db_operation backend=DualMetadataRepository operation=log_event status=ok details={'app_id': 'demo-qa-app', 'page_name': 'webtables', 'element_name': 'row1_last_name_veha', 'stage': 'defaults'}
2026-03-18 07:10:57,248 INFO db_operation backend=DualMetadataRepository operation=log_event status=ok details={'app_id': 'demo-qa-app', 'page_name': 'webtables', 'element_name': 'row1_last_name_veha', 'stage': 'defaults'}
2026-03-18 07:10:57,438 INFO db_operation backend=DualMetadataRepository operation=log_event status=ok details={'app_id': 'demo-qa-app', 'page_name': 'webtables', 'element_name': 'row1_last_name_veha', 'stage': 'position'}
2026-03-18 07:11:00,432 INFO db_operation backend=DualMetadataRepository operation=log_event status=ok details={'app_id': 'demo-qa-app', 'page_name': 'webtables', 'element_name': 'row1_last_name_veha', 'stage': 'rag_context'}
2026-03-18 07:11:00,507 INFO db_operation backend=DualMetadataRepository operation=log_event status=ok details={'app_id': 'demo-qa-app', 'page_name': 'webtables', 'element_name': 'row1_last_name_veha', 'stage': 'rag'}
2026-03-18 07:11:00,513 INFO db_operation backend=DualMetadataRepository operation=log_event status=ok details={'app_id': 'demo-qa-app', 'page_name': 'webtables', 'element_name': 'row1_last_name_veha', 'stage': 'rag_retry'}
2026-03-18 07:11:03,136 INFO db_operation backend=DualMetadataRepository operation=log_event status=ok details={'app_id': 'demo-qa-app', 'page_name': 'webtables', 'element_name': 'row1_last_name_veha', 'stage': 'rag_context'}
2026-03-18 07:11:03,209 INFO db_operation backend=DualMetadataRepository operation=log_event status=ok details={'app_id': 'demo-qa-app', 'page_name': 'webtables', 'element_name': 'row1_last_name_veha', 'stage': 'rag'}
2026-03-18 07:11:03,214 INFO db_operation backend=DualMetadataRepository operation=log_event status=ok details={'app_id': 'demo-qa-app', 'page_name': 'webtables', 'element_name': 'row1_last_name_veha', 'stage': 'rag_hallucination'}
2026-03-18 07:11:03,220 INFO db_operation backend=DualMetadataRepository operation=log_event status=ok details={'app_id': 'demo-qa-app', 'page_name': 'webtables', 'element_name': 'row1_last_name_veha', 'stage': 'recover_end'}
2026-03-18 07:11:03,227 INFO db_operation backend=DualMetadataRepository operation=find status=ok details={'app_id': 'demo-qa-app', 'page_name': 'webtables', 'element_name': 'row1_last_name_vega', 'result': 'miss'}
2026-03-18 07:11:03,233 INFO db_operation backend=DualMetadataRepository operation=log_event status=ok details={'app_id': 'demo-qa-app', 'page_name': 'webtables', 'element_name': 'row1_last_name_vega', 'stage': 'recover_start'}
2026-03-18 07:11:05,284 INFO db_operation backend=DualMetadataRepository operation=log_event status=ok details={'app_id': 'demo-qa-app', 'page_name': 'webtables', 'element_name': 'row1_last_name_vega', 'stage': 'fallback'}
2026-03-18 07:11:05,353 INFO db_operation backend=DualMetadataRepository operation=log_event status=ok details={'app_id': 'demo-qa-app', 'page_name': 'webtables', 'element_name': 'row1_last_name_vega', 'stage': 'rules'}
2026-03-18 07:11:05,364 INFO db_operation backend=DualMetadataRepository operation=get_page_index status=ok details={'app_id': 'demo-qa-app', 'page_name': 'webtables', 'result': 'hit'}
2026-03-18 07:11:05,649 INFO db_operation backend=DualMetadataRepository operation=log_event status=ok details={'app_id': 'demo-qa-app', 'page_name': 'webtables', 'element_name': 'row1_last_name_vega', 'stage': 'page_index_lookup'}
2026-03-18 07:11:06,026 INFO db_operation backend=DualMetadataRepository operation=log_event status=ok details={'app_id': 'demo-qa-app', 'page_name': 'webtables', 'element_name': 'row1_last_name_vega', 'stage': 'page_index'}
2026-03-18 07:11:06,033 INFO db_operation backend=DualMetadataRepository operation=log_event status=ok details={'app_id': 'demo-qa-app', 'page_name': 'webtables', 'element_name': 'row1_last_name_vega', 'stage': 'page_index'}
2026-03-18 07:11:06,040 INFO db_operation backend=DualMetadataRepository operation=log_event status=ok details={'app_id': 'demo-qa-app', 'page_name': 'webtables', 'element_name': 'row1_last_name_vega', 'stage': 'page_index'}
2026-03-18 07:11:06,048 INFO db_operation backend=DualMetadataRepository operation=log_event status=ok details={'app_id': 'demo-qa-app', 'page_name': 'webtables', 'element_name': 'row1_last_name_vega', 'stage': 'page_index'}
2026-03-18 07:11:06,053 INFO db_operation backend=DualMetadataRepository operation=log_event status=ok details={'app_id': 'demo-qa-app', 'page_name': 'webtables', 'element_name': 'row1_last_name_vega', 'stage': 'page_index'}
2026-03-18 07:11:06,204 INFO db_operation backend=DualMetadataRepository operation=log_event status=ok details={'app_id': 'demo-qa-app', 'page_name': 'webtables', 'element_name': 'row1_last_name_vega', 'stage': 'defaults'}
2026-03-18 07:11:06,210 INFO db_operation backend=DualMetadataRepository operation=log_event status=ok details={'app_id': 'demo-qa-app', 'page_name': 'webtables', 'element_name': 'row1_last_name_vega', 'stage': 'defaults'}
2026-03-18 07:11:06,215 INFO db_operation backend=DualMetadataRepository operation=log_event status=ok details={'app_id': 'demo-qa-app', 'page_name': 'webtables', 'element_name': 'row1_last_name_vega', 'stage': 'defaults'}
2026-03-18 07:11:06,400 INFO db_operation backend=DualMetadataRepository operation=log_event status=ok details={'app_id': 'demo-qa-app', 'page_name': 'webtables', 'element_name': 'row1_last_name_vega', 'stage': 'position'}
2026-03-18 07:11:08,959 INFO db_operation backend=DualMetadataRepository operation=log_event status=ok details={'app_id': 'demo-qa-app', 'page_name': 'webtables', 'element_name': 'row1_last_name_vega', 'stage': 'rag_context'}
2026-03-18 07:11:09,042 INFO db_operation backend=DualMetadataRepository operation=log_event status=ok details={'app_id': 'demo-qa-app', 'page_name': 'webtables', 'element_name': 'row1_last_name_vega', 'stage': 'rag'}
2026-03-18 07:11:09,049 INFO db_operation backend=DualMetadataRepository operation=log_event status=ok details={'app_id': 'demo-qa-app', 'page_name': 'webtables', 'element_name': 'row1_last_name_vega', 'stage': 'rag_retry'}
2026-03-18 07:11:10,687 INFO db_operation backend=DualMetadataRepository operation=log_event status=ok details={'app_id': 'demo-qa-app', 'page_name': 'webtables', 'element_name': 'row1_last_name_vega', 'stage': 'rag_context'}
2026-03-18 07:11:10,763 INFO db_operation backend=DualMetadataRepository operation=log_event status=ok details={'app_id': 'demo-qa-app', 'page_name': 'webtables', 'element_name': 'row1_last_name_vega', 'stage': 'rag'}
2026-03-18 07:11:10,769 INFO db_operation backend=DualMetadataRepository operation=log_event status=ok details={'app_id': 'demo-qa-app', 'page_name': 'webtables', 'element_name': 'row1_last_name_vega', 'stage': 'rag_hallucination'}
2026-03-18 07:11:10,775 INFO db_operation backend=DualMetadataRepository operation=log_event status=ok details={'app_id': 'demo-qa-app', 'page_name': 'webtables', 'element_name': 'row1_last_name_vega', 'stage': 'recover_end'}
2026-03-18 07:11:14,802 INFO browser_started framework=selenium browser=chrome headless=True binary=
